<html>
<head>
<title>TestNG:  Test</title>
<link href="../testng.css" rel="stylesheet" type="text/css" />
<link href="../my-testng.css" rel="stylesheet" type="text/css" />

<style type="text/css">
.log { display: none;} 
.stack-trace { display: none;} 
</style>
<script type="text/javascript">
<!--
function flip(e) {
  current = e.style.display;
  if (current == 'block') {
    e.style.display = 'none';
    return 0;
  }
  else {
    e.style.display = 'block';
    return 1;
  }
}

function toggleBox(szDivId, elem, msg1, msg2)
{
  var res = -1;  if (document.getElementById) {
    res = flip(document.getElementById(szDivId));
  }
  else if (document.all) {
    // this is the way old msie versions work
    res = flip(document.all[szDivId]);
  }
  if(elem) {
    if(res == 0) elem.innerHTML = msg1; else elem.innerHTML = msg2;
  }

}

function toggleAllBoxes() {
  if (document.getElementsByTagName) {
    d = document.getElementsByTagName('div');
    for (i = 0; i < d.length; i++) {
      if (d[i].className == 'log') {
        flip(d[i]);
      }
    }
  }
}

// -->
</script>

</head>
<body>
<h2 align='center'>Test</h2><table border='1' align="center">
<tr>
<td>Tests passed/Failed/Skipped:</td><td>16/4/0</td>
</tr><tr>
<td>Started on:</td><td>Tue Jul 19 18:48:12 IST 2016</td>
</tr>
<tr><td>Total time:</td><td>35 seconds (35622 ms)</td>
</tr><tr>
<td>Included groups:</td><td></td>
</tr><tr>
<td>Excluded groups:</td><td></td>
</tr>
</table><p/>
<small><i>(Hover the method name to see the test class name)</i></small><p/>
<table width='100%' border='1' class='invocation-failed'>
<tr><td colspan='4' align='center'><b>FAILED TESTS</b></td></tr>
<tr><td><b>Test method</b></td>
<td width="30%"><b>Exception</b></td>
<td width="10%"><b>Time (seconds)</b></td>
<td><b>Instance</b></td>
</tr>
<tr>
<td title='apiTests.PostAddMerchantShopperMappingTest.AddMerchantShopperMapping()'><b>AddMerchantShopperMapping</b><br>Test class: apiTests.PostAddMerchantShopperMappingTest<br/>
<a href="#Output-557023567" onClick='toggleBox("Output-557023567", this, "Show output", "Hide output");'>Show output</a>

<a href="#Output-557023567" onClick="toggleAllBoxes();">Show all outputs</a>
<div class='log' id="Output-557023567">
Base URL is http://test-grofers-hp.appspot.com<br/>
Test Status of CrmAssignment Api :  FAIL  <br/>
</div>
</td>
<td><div><pre>junit.framework.AssertionFailedError: 
Expected: null
  Actual: PostShopperMerchantResponse&lt;message=&quot;mapping for this merchant and shopper already exists!&quot;, success=false&gt;

--- Found following differences ---
 expected: null
   actual: PostShopperMerchantResponse&lt;message=&quot;mapping for this merchant and shopper already exists!&quot;, success=false&gt;


	at junit.framework.Assert.fail(Assert.java:50)
	at apiTests.PostAddMerchantShopperMappingTest.AddMerchantShopperMapping(PostAddMerchantShopperMappingTest.java:53)
... Removed 29 stack frames</pre></div><a href='#' onClick='toggleBox("stack-trace557023567", this, "Click to show all stack frames", "Click to hide stack frames")'>Click to show all stack frames</a>
<div class='stack-trace' id='stack-trace557023567'><pre>junit.framework.AssertionFailedError: 
Expected: null
  Actual: PostShopperMerchantResponse&lt;message=&quot;mapping for this merchant and shopper already exists!&quot;, success=false&gt;

--- Found following differences ---
 expected: null
   actual: PostShopperMerchantResponse&lt;message=&quot;mapping for this merchant and shopper already exists!&quot;, success=false&gt;


	at junit.framework.Assert.fail(Assert.java:50)
	at org.unitils.reflectionassert.ReflectionAssert.assertReflectionEquals(ReflectionAssert.java:136)
	at org.unitils.reflectionassert.ReflectionAssert.assertReflectionEquals(ReflectionAssert.java:99)
	at apiTests.PostAddMerchantShopperMappingTest.AddMerchantShopperMapping(PostAddMerchantShopperMappingTest.java:53)
	at sun.reflect.NativeMethodAccessorImpl.invoke0(Native Method)
	at sun.reflect.NativeMethodAccessorImpl.invoke(NativeMethodAccessorImpl.java:62)
	at sun.reflect.DelegatingMethodAccessorImpl.invoke(DelegatingMethodAccessorImpl.java:43)
	at java.lang.reflect.Method.invoke(Method.java:497)
	at org.testng.internal.MethodInvocationHelper.invokeMethod(MethodInvocationHelper.java:84)
	at org.testng.internal.Invoker.invokeMethod(Invoker.java:714)
	at org.testng.internal.Invoker.invokeTestMethod(Invoker.java:901)
	at org.testng.internal.Invoker.invokeTestMethods(Invoker.java:1231)
	at org.testng.internal.TestMethodWorker.invokeTestMethods(TestMethodWorker.java:127)
	at org.testng.internal.TestMethodWorker.run(TestMethodWorker.java:111)
	at org.testng.TestRunner.privateRun(TestRunner.java:767)
	at org.testng.TestRunner.run(TestRunner.java:617)
	at org.testng.SuiteRunner.runTest(SuiteRunner.java:334)
	at org.testng.SuiteRunner.runSequentially(SuiteRunner.java:329)
	at org.testng.SuiteRunner.privateRun(SuiteRunner.java:291)
	at org.testng.SuiteRunner.run(SuiteRunner.java:240)
	at org.testng.SuiteRunnerWorker.runSuite(SuiteRunnerWorker.java:52)
	at org.testng.SuiteRunnerWorker.run(SuiteRunnerWorker.java:86)
	at org.testng.TestNG.runSuitesSequentially(TestNG.java:1224)
	at org.testng.TestNG.runSuitesLocally(TestNG.java:1149)
	at org.testng.TestNG.run(TestNG.java:1057)
	at org.apache.maven.surefire.testng.TestNGExecutor.run(TestNGExecutor.java:217)
	at org.apache.maven.surefire.testng.TestNGXmlTestSuite.execute(TestNGXmlTestSuite.java:84)
	at org.apache.maven.surefire.testng.TestNGProvider.invoke(TestNGProvider.java:92)
	at org.apache.maven.surefire.booter.ForkedBooter.invokeProviderInSameClassLoader(ForkedBooter.java:200)
	at org.apache.maven.surefire.booter.ForkedBooter.runSuitesInProcess(ForkedBooter.java:153)
	at org.apache.maven.surefire.booter.ForkedBooter.main(ForkedBooter.java:103)
</pre></div></td>
<td>0</td>
<td>apiTests.PostAddMerchantShopperMappingTest@6442b0a6</td></tr>
<tr>
<td title='apiTests.PostMerchantBackupMapping.CancelOrderTest()'><b>CancelOrderTest</b><br>Test class: apiTests.PostMerchantBackupMapping</td>
<td><div><pre>com.google.gson.JsonSyntaxException: java.lang.NumberFormatException: Expected an int but was 4934026896867328 at line 34 column 29 path $.response.data[0].id
	at com.google.gson.internal.bind.TypeAdapters$7.read(TypeAdapters.java:249)
	at com.google.gson.internal.bind.TypeAdapters$7.read(TypeAdapters.java:239)
	at com.google.gson.internal.bind.ReflectiveTypeAdapterFactory$1.read(ReflectiveTypeAdapterFactory.java:116)
	at com.google.gson.internal.bind.ReflectiveTypeAdapterFactory$Adapter.read(ReflectiveTypeAdapterFactory.java:216)
	at com.google.gson.internal.bind.TypeAdapterRuntimeTypeWrapper.read(TypeAdapterRuntimeTypeWrapper.java:40)
	at com.google.gson.internal.bind.CollectionTypeAdapterFactory$Adapter.read(CollectionTypeAdapterFactory.java:82)
	at com.google.gson.internal.bind.CollectionTypeAdapterFactory$Adapter.read(CollectionTypeAdapterFactory.java:61)
	at com.google.gson.internal.bind.ReflectiveTypeAdapterFactory$1.read(ReflectiveTypeAdapterFactory.java:116)
	at com.google.gson.internal.bind.ReflectiveTypeAdapterFactory$Adapter.read(ReflectiveTypeAdapterFactory.java:216)
	at com.google.gson.internal.bind.ReflectiveTypeAdapterFactory$1.read(ReflectiveTypeAdapterFactory.java:116)
	at com.google.gson.internal.bind.ReflectiveTypeAdapterFactory$Adapter.read(ReflectiveTypeAdapterFactory.java:216)
	at com.google.gson.Gson.fromJson(Gson.java:879)
	at utility.FixtureUtils.getAsObject(FixtureUtils.java:36)
	at apiTests.PostMerchantBackupMapping.CancelOrderTest(PostMerchantBackupMapping.java:30)
Caused by: java.lang.NumberFormatException: Expected an int but was 4934026896867328 at line 34 column 29 path $.response.data[0].id
	at com.google.gson.stream.JsonReader.nextInt(JsonReader.java:1172)
	at com.google.gson.internal.bind.TypeAdapters$7.read(TypeAdapters.java:247)
	... 40 more
... Removed 27 stack frames</pre></div><a href='#' onClick='toggleBox("stack-trace1099855928", this, "Click to show all stack frames", "Click to hide stack frames")'>Click to show all stack frames</a>
<div class='stack-trace' id='stack-trace1099855928'><pre>com.google.gson.JsonSyntaxException: java.lang.NumberFormatException: Expected an int but was 4934026896867328 at line 34 column 29 path $.response.data[0].id
	at com.google.gson.internal.bind.TypeAdapters$7.read(TypeAdapters.java:249)
	at com.google.gson.internal.bind.TypeAdapters$7.read(TypeAdapters.java:239)
	at com.google.gson.internal.bind.ReflectiveTypeAdapterFactory$1.read(ReflectiveTypeAdapterFactory.java:116)
	at com.google.gson.internal.bind.ReflectiveTypeAdapterFactory$Adapter.read(ReflectiveTypeAdapterFactory.java:216)
	at com.google.gson.internal.bind.TypeAdapterRuntimeTypeWrapper.read(TypeAdapterRuntimeTypeWrapper.java:40)
	at com.google.gson.internal.bind.CollectionTypeAdapterFactory$Adapter.read(CollectionTypeAdapterFactory.java:82)
	at com.google.gson.internal.bind.CollectionTypeAdapterFactory$Adapter.read(CollectionTypeAdapterFactory.java:61)
	at com.google.gson.internal.bind.ReflectiveTypeAdapterFactory$1.read(ReflectiveTypeAdapterFactory.java:116)
	at com.google.gson.internal.bind.ReflectiveTypeAdapterFactory$Adapter.read(ReflectiveTypeAdapterFactory.java:216)
	at com.google.gson.internal.bind.ReflectiveTypeAdapterFactory$1.read(ReflectiveTypeAdapterFactory.java:116)
	at com.google.gson.internal.bind.ReflectiveTypeAdapterFactory$Adapter.read(ReflectiveTypeAdapterFactory.java:216)
	at com.google.gson.Gson.fromJson(Gson.java:879)
	at utility.FixtureUtils.getAsObject(FixtureUtils.java:36)
	at apiTests.PostMerchantBackupMapping.CancelOrderTest(PostMerchantBackupMapping.java:30)
	at sun.reflect.NativeMethodAccessorImpl.invoke0(Native Method)
	at sun.reflect.NativeMethodAccessorImpl.invoke(NativeMethodAccessorImpl.java:62)
	at sun.reflect.DelegatingMethodAccessorImpl.invoke(DelegatingMethodAccessorImpl.java:43)
	at java.lang.reflect.Method.invoke(Method.java:497)
	at org.testng.internal.MethodInvocationHelper.invokeMethod(MethodInvocationHelper.java:84)
	at org.testng.internal.Invoker.invokeMethod(Invoker.java:714)
	at org.testng.internal.Invoker.invokeTestMethod(Invoker.java:901)
	at org.testng.internal.Invoker.invokeTestMethods(Invoker.java:1231)
	at org.testng.internal.TestMethodWorker.invokeTestMethods(TestMethodWorker.java:127)
	at org.testng.internal.TestMethodWorker.run(TestMethodWorker.java:111)
	at org.testng.TestRunner.privateRun(TestRunner.java:767)
	at org.testng.TestRunner.run(TestRunner.java:617)
	at org.testng.SuiteRunner.runTest(SuiteRunner.java:334)
	at org.testng.SuiteRunner.runSequentially(SuiteRunner.java:329)
	at org.testng.SuiteRunner.privateRun(SuiteRunner.java:291)
	at org.testng.SuiteRunner.run(SuiteRunner.java:240)
	at org.testng.SuiteRunnerWorker.runSuite(SuiteRunnerWorker.java:52)
	at org.testng.SuiteRunnerWorker.run(SuiteRunnerWorker.java:86)
	at org.testng.TestNG.runSuitesSequentially(TestNG.java:1224)
	at org.testng.TestNG.runSuitesLocally(TestNG.java:1149)
	at org.testng.TestNG.run(TestNG.java:1057)
	at org.apache.maven.surefire.testng.TestNGExecutor.run(TestNGExecutor.java:217)
	at org.apache.maven.surefire.testng.TestNGXmlTestSuite.execute(TestNGXmlTestSuite.java:84)
	at org.apache.maven.surefire.testng.TestNGProvider.invoke(TestNGProvider.java:92)
	at org.apache.maven.surefire.booter.ForkedBooter.invokeProviderInSameClassLoader(ForkedBooter.java:200)
	at org.apache.maven.surefire.booter.ForkedBooter.runSuitesInProcess(ForkedBooter.java:153)
	at org.apache.maven.surefire.booter.ForkedBooter.main(ForkedBooter.java:103)
Caused by: java.lang.NumberFormatException: Expected an int but was 4934026896867328 at line 34 column 29 path $.response.data[0].id
	at com.google.gson.stream.JsonReader.nextInt(JsonReader.java:1172)
	at com.google.gson.internal.bind.TypeAdapters$7.read(TypeAdapters.java:247)
	... 40 more
</pre></div></td>
<td>0</td>
<td>apiTests.PostMerchantBackupMapping@edf4efb</td></tr>
<tr>
<td title='apiTests.GetQueuedOrders.GetQueuedOrdersTest()'><b>GetQueuedOrdersTest</b><br>Test class: apiTests.GetQueuedOrders<br/>
<a href="#Output-2136344592" onClick='toggleBox("Output-2136344592", this, "Show output", "Hide output");'>Show output</a>

<a href="#Output-2136344592" onClick="toggleAllBoxes();">Show all outputs</a>
<div class='log' id="Output-2136344592">
Verify the response of GetQueuedOrders Api.<br/>
Base URL is http://test-grofers-hp.appspot.com<br/>
http response code is not 200. <br/>
Test Status of GetQueuedOrders Api :  FAIL  <br/>
</div>
</td>
<td><div><pre>junit.framework.AssertionFailedError: 
Expected: null
  Actual: GetQueuedOrdersResponse&lt;message=&quot;orders Task Added to Queue &quot;, success=true&gt;

--- Found following differences ---
expected: null, actual: GetQueuedOrdersResponse&lt;message=&quot;orders Task Added to Queue &quot;, success=true&gt;

	at junit.framework.Assert.fail(Assert.java:50)
	at apiTests.GetQueuedOrders.GetQueuedOrdersTest(GetQueuedOrders.java:50)
... Removed 29 stack frames</pre></div><a href='#' onClick='toggleBox("stack-trace2136344592", this, "Click to show all stack frames", "Click to hide stack frames")'>Click to show all stack frames</a>
<div class='stack-trace' id='stack-trace2136344592'><pre>junit.framework.AssertionFailedError: 
Expected: null
  Actual: GetQueuedOrdersResponse&lt;message=&quot;orders Task Added to Queue &quot;, success=true&gt;

--- Found following differences ---
expected: null, actual: GetQueuedOrdersResponse&lt;message=&quot;orders Task Added to Queue &quot;, success=true&gt;

	at junit.framework.Assert.fail(Assert.java:50)
	at org.unitils.reflectionassert.ReflectionAssert.assertReflectionEquals(ReflectionAssert.java:136)
	at org.unitils.reflectionassert.ReflectionAssert.assertReflectionEquals(ReflectionAssert.java:99)
	at apiTests.GetQueuedOrders.GetQueuedOrdersTest(GetQueuedOrders.java:50)
	at sun.reflect.NativeMethodAccessorImpl.invoke0(Native Method)
	at sun.reflect.NativeMethodAccessorImpl.invoke(NativeMethodAccessorImpl.java:62)
	at sun.reflect.DelegatingMethodAccessorImpl.invoke(DelegatingMethodAccessorImpl.java:43)
	at java.lang.reflect.Method.invoke(Method.java:497)
	at org.testng.internal.MethodInvocationHelper.invokeMethod(MethodInvocationHelper.java:84)
	at org.testng.internal.Invoker.invokeMethod(Invoker.java:714)
	at org.testng.internal.Invoker.invokeTestMethod(Invoker.java:901)
	at org.testng.internal.Invoker.invokeTestMethods(Invoker.java:1231)
	at org.testng.internal.TestMethodWorker.invokeTestMethods(TestMethodWorker.java:127)
	at org.testng.internal.TestMethodWorker.run(TestMethodWorker.java:111)
	at org.testng.TestRunner.privateRun(TestRunner.java:767)
	at org.testng.TestRunner.run(TestRunner.java:617)
	at org.testng.SuiteRunner.runTest(SuiteRunner.java:334)
	at org.testng.SuiteRunner.runSequentially(SuiteRunner.java:329)
	at org.testng.SuiteRunner.privateRun(SuiteRunner.java:291)
	at org.testng.SuiteRunner.run(SuiteRunner.java:240)
	at org.testng.SuiteRunnerWorker.runSuite(SuiteRunnerWorker.java:52)
	at org.testng.SuiteRunnerWorker.run(SuiteRunnerWorker.java:86)
	at org.testng.TestNG.runSuitesSequentially(TestNG.java:1224)
	at org.testng.TestNG.runSuitesLocally(TestNG.java:1149)
	at org.testng.TestNG.run(TestNG.java:1057)
	at org.apache.maven.surefire.testng.TestNGExecutor.run(TestNGExecutor.java:217)
	at org.apache.maven.surefire.testng.TestNGXmlTestSuite.execute(TestNGXmlTestSuite.java:84)
	at org.apache.maven.surefire.testng.TestNGProvider.invoke(TestNGProvider.java:92)
	at org.apache.maven.surefire.booter.ForkedBooter.invokeProviderInSameClassLoader(ForkedBooter.java:200)
	at org.apache.maven.surefire.booter.ForkedBooter.runSuitesInProcess(ForkedBooter.java:153)
	at org.apache.maven.surefire.booter.ForkedBooter.main(ForkedBooter.java:103)
</pre></div></td>
<td>1</td>
<td>apiTests.GetQueuedOrders@17f6480</td></tr>
<tr>
<td title='apiTests.PostResetMerchantThreshold.ResetMerchantThresholdTest()'><b>ResetMerchantThresholdTest</b><br>Test class: apiTests.PostResetMerchantThreshold</td>
<td><div><pre>java.net.ConnectException: Failed to connect to test-grofers-hp.appspot.com/2404:6800:4007:800:0:0:0:2011:80
	at okhttp3.internal.io.RealConnection.connectSocket(RealConnection.java:142)
	at okhttp3.internal.io.RealConnection.connect(RealConnection.java:111)
	at okhttp3.internal.http.StreamAllocation.findConnection(StreamAllocation.java:188)
	at okhttp3.internal.http.StreamAllocation.findHealthyConnection(StreamAllocation.java:127)
	at okhttp3.internal.http.StreamAllocation.newStream(StreamAllocation.java:97)
	at okhttp3.internal.http.HttpEngine.connect(HttpEngine.java:289)
	at okhttp3.internal.http.HttpEngine.sendRequest(HttpEngine.java:241)
	at okhttp3.RealCall.getResponse(RealCall.java:240)
	at okhttp3.RealCall$ApplicationInterceptorChain.proceed(RealCall.java:198)
	at retrofit.ServiceGenerator$1.intercept(ServiceGenerator.java:26)
	at okhttp3.RealCall$ApplicationInterceptorChain.proceed(RealCall.java:187)
	at okhttp3.RealCall.getResponseWithInterceptorChain(RealCall.java:160)
	at okhttp3.RealCall.execute(RealCall.java:57)
	at retrofit2.OkHttpCall.execute(OkHttpCall.java:174)
	at apiTests.PostResetMerchantThreshold.ResetMerchantThresholdTest(PostResetMerchantThreshold.java:28)
... Removed 27 stack frames</pre></div><a href='#' onClick='toggleBox("stack-trace2085002312", this, "Click to show all stack frames", "Click to hide stack frames")'>Click to show all stack frames</a>
<div class='stack-trace' id='stack-trace2085002312'><pre>java.net.ConnectException: Failed to connect to test-grofers-hp.appspot.com/2404:6800:4007:800:0:0:0:2011:80
	at okhttp3.internal.io.RealConnection.connectSocket(RealConnection.java:142)
	at okhttp3.internal.io.RealConnection.connect(RealConnection.java:111)
	at okhttp3.internal.http.StreamAllocation.findConnection(StreamAllocation.java:188)
	at okhttp3.internal.http.StreamAllocation.findHealthyConnection(StreamAllocation.java:127)
	at okhttp3.internal.http.StreamAllocation.newStream(StreamAllocation.java:97)
	at okhttp3.internal.http.HttpEngine.connect(HttpEngine.java:289)
	at okhttp3.internal.http.HttpEngine.sendRequest(HttpEngine.java:241)
	at okhttp3.RealCall.getResponse(RealCall.java:240)
	at okhttp3.RealCall$ApplicationInterceptorChain.proceed(RealCall.java:198)
	at retrofit.ServiceGenerator$1.intercept(ServiceGenerator.java:26)
	at okhttp3.RealCall$ApplicationInterceptorChain.proceed(RealCall.java:187)
	at okhttp3.RealCall.getResponseWithInterceptorChain(RealCall.java:160)
	at okhttp3.RealCall.execute(RealCall.java:57)
	at retrofit2.OkHttpCall.execute(OkHttpCall.java:174)
	at apiTests.PostResetMerchantThreshold.ResetMerchantThresholdTest(PostResetMerchantThreshold.java:28)
	at sun.reflect.NativeMethodAccessorImpl.invoke0(Native Method)
	at sun.reflect.NativeMethodAccessorImpl.invoke(NativeMethodAccessorImpl.java:62)
	at sun.reflect.DelegatingMethodAccessorImpl.invoke(DelegatingMethodAccessorImpl.java:43)
	at java.lang.reflect.Method.invoke(Method.java:497)
	at org.testng.internal.MethodInvocationHelper.invokeMethod(MethodInvocationHelper.java:84)
	at org.testng.internal.Invoker.invokeMethod(Invoker.java:714)
	at org.testng.internal.Invoker.invokeTestMethod(Invoker.java:901)
	at org.testng.internal.Invoker.invokeTestMethods(Invoker.java:1231)
	at org.testng.internal.TestMethodWorker.invokeTestMethods(TestMethodWorker.java:127)
	at org.testng.internal.TestMethodWorker.run(TestMethodWorker.java:111)
	at org.testng.TestRunner.privateRun(TestRunner.java:767)
	at org.testng.TestRunner.run(TestRunner.java:617)
	at org.testng.SuiteRunner.runTest(SuiteRunner.java:334)
	at org.testng.SuiteRunner.runSequentially(SuiteRunner.java:329)
	at org.testng.SuiteRunner.privateRun(SuiteRunner.java:291)
	at org.testng.SuiteRunner.run(SuiteRunner.java:240)
	at org.testng.SuiteRunnerWorker.runSuite(SuiteRunnerWorker.java:52)
	at org.testng.SuiteRunnerWorker.run(SuiteRunnerWorker.java:86)
	at org.testng.TestNG.runSuitesSequentially(TestNG.java:1224)
	at org.testng.TestNG.runSuitesLocally(TestNG.java:1149)
	at org.testng.TestNG.run(TestNG.java:1057)
	at org.apache.maven.surefire.testng.TestNGExecutor.run(TestNGExecutor.java:217)
	at org.apache.maven.surefire.testng.TestNGXmlTestSuite.execute(TestNGXmlTestSuite.java:84)
	at org.apache.maven.surefire.testng.TestNGProvider.invoke(TestNGProvider.java:92)
	at org.apache.maven.surefire.booter.ForkedBooter.invokeProviderInSameClassLoader(ForkedBooter.java:200)
	at org.apache.maven.surefire.booter.ForkedBooter.runSuitesInProcess(ForkedBooter.java:153)
	at org.apache.maven.surefire.booter.ForkedBooter.main(ForkedBooter.java:103)
</pre></div></td>
<td>10</td>
<td>apiTests.PostResetMerchantThreshold@506e6d5e</td></tr>
</table><p>
<table width='100%' border='1' class='invocation-passed'>
<tr><td colspan='4' align='center'><b>PASSED TESTS</b></td></tr>
<tr><td><b>Test method</b></td>
<td width="30%"><b>Exception</b></td>
<td width="10%"><b>Time (seconds)</b></td>
<td><b>Instance</b></td>
</tr>
<tr>
<td title='apiTests.PostAddMerchant.AddMerchantTest()'><b>AddMerchantTest</b><br>Test class: apiTests.PostAddMerchant</td>
<td></td>
<td>0</td>
<td>apiTests.PostAddMerchant@4411d970</td></tr>
<tr>
<td title='apiTests.PostCancelOrder.CancelOrderTest()'><b>CancelOrderTest</b><br>Test class: apiTests.PostCancelOrder<br/>
<a href="#Output-1157726741" onClick='toggleBox("Output-1157726741", this, "Show output", "Hide output");'>Show output</a>

<a href="#Output-1157726741" onClick="toggleAllBoxes();">Show all outputs</a>
<div class='log' id="Output-1157726741">
Test Status of CrmAssignment Api :  PASS  <br/>
</div>
</td>
<td></td>
<td>2</td>
<td>apiTests.PostCancelOrder@2acf57e3</td></tr>
<tr>
<td title='apiTests.PostOrderEnroute.CancelOrderTest()'><b>CancelOrderTest</b><br>Test class: apiTests.PostOrderEnroute</td>
<td></td>
<td>3</td>
<td>apiTests.PostOrderEnroute@7f690630</td></tr>
<tr>
<td title='apiTests.PostCrmAssignment.CrmAssignmentTest()'><b>CrmAssignmentTest</b><br>Test class: apiTests.PostCrmAssignment<br/>
<a href="#Output-680779399" onClick='toggleBox("Output-680779399", this, "Show output", "Hide output");'>Show output</a>

<a href="#Output-680779399" onClick="toggleAllBoxes();">Show all outputs</a>
<div class='log' id="Output-680779399">
Test Status of CrmAssignment Api :  PASS  <br/>
Test Status of CrmAssignment Api :  PASS  <br/>
Test Status of CrmAssignment Api :  PASS  <br/>
</div>
</td>
<td></td>
<td>2</td>
<td>apiTests.PostCrmAssignment@35f983a6</td></tr>
<tr>
<td title='apiTests.PostFeAssignment.FeAssignmentTest()'><b>FeAssignmentTest</b><br>Test class: apiTests.PostFeAssignment<br/>
<a href="#Output-398572781" onClick='toggleBox("Output-398572781", this, "Show output", "Hide output");'>Show output</a>

<a href="#Output-398572781" onClick="toggleAllBoxes();">Show all outputs</a>
<div class='log' id="Output-398572781">
Test Status of FeAssignment Api :  PASS  <br/>
Test Status of FeAssignment Api :  PASS  <br/>
Test Status of FeAssignment Api :  PASS  <br/>
</div>
</td>
<td></td>
<td>4</td>
<td>apiTests.PostFeAssignment@60f82f98</td></tr>
<tr>
<td title='apiTests.GetShoppersById.GetForceUpdateConfig()'><b>GetForceUpdateConfig</b><br>Test class: apiTests.GetShoppersById</td>
<td></td>
<td>0</td>
<td>apiTests.GetShoppersById@566776ad</td></tr>
<tr>
<td title='apiTests.GetMerchantsDetail.GetMerchantsDetailTest()'><b>GetMerchantsDetailTest</b><br>Test class: apiTests.GetMerchantsDetail</td>
<td></td>
<td>0</td>
<td>apiTests.GetMerchantsDetail@96532d6</td></tr>
<tr>
<td title='apiTests.GetShopperBuCityId.GetShopperBuCityIdTest()'><b>GetShopperBuCityIdTest</b><br>Test class: apiTests.GetShopperBuCityId</td>
<td></td>
<td>1</td>
<td>apiTests.GetShopperBuCityId@6fadae5d</td></tr>
<tr>
<td title='apiTests.GetShopperByMerchantId.GetShopperByMerchantIdTest()'><b>GetShopperByMerchantIdTest</b><br>Test class: apiTests.GetShopperByMerchantId<br/>
<a href="#Output-1306324352" onClick='toggleBox("Output-1306324352", this, "Show output", "Hide output");'>Show output</a>

<a href="#Output-1306324352" onClick="toggleAllBoxes();">Show all outputs</a>
<div class='log' id="Output-1306324352">
Expected and Actual response are same.  <br/>
Test Status of ShopperByMerchantId Api :  PASS  <br/>
</div>
</td>
<td></td>
<td>1</td>
<td>apiTests.GetShopperByMerchantId@2f7a2457</td></tr>
<tr>
<td title='apiTests.GetForceUpdateConfig.GetShoppersByIdTest()'><b>GetShoppersByIdTest</b><br>Test class: apiTests.GetForceUpdateConfig</td>
<td></td>
<td>0</td>
<td>apiTests.GetForceUpdateConfig@7f63425a</td></tr>
<tr>
<td title='apiTests.PostInsertChildOrder.InsertChildOrderTest()'><b>InsertChildOrderTest</b><br>Test class: apiTests.PostInsertChildOrder<br/>
<a href="#Output-1307904972" onClick='toggleBox("Output-1307904972", this, "Show output", "Hide output");'>Show output</a>

<a href="#Output-1307904972" onClick="toggleAllBoxes();">Show all outputs</a>
<div class='log' id="Output-1307904972">
Test Status of insertOrder Api :  PASS  <br/>
</div>
</td>
<td></td>
<td>1</td>
<td>apiTests.PostInsertChildOrder@3796751b</td></tr>
<tr>
<td title='apiTests.PostInsertMarketPlaceOrder.InsertMarketPlaceOrderTest()'><b>InsertMarketPlaceOrderTest</b><br>Test class: apiTests.PostInsertMarketPlaceOrder<br/>
<a href="#Output-331418503" onClick='toggleBox("Output-331418503", this, "Show output", "Hide output");'>Show output</a>

<a href="#Output-331418503" onClick="toggleAllBoxes();">Show all outputs</a>
<div class='log' id="Output-331418503">
Order Id for the Test: Auto3943<br/>
Test Status of Merchant Place Api :  PASS  <br/>
</div>
</td>
<td></td>
<td>1</td>
<td>apiTests.PostInsertMarketPlaceOrder@2d6e8792</td></tr>
<tr>
<td title='apiTests.PostInsert90MinOrder.InsertOrderTest()'><b>InsertOrderTest</b><br>Test class: apiTests.PostInsert90MinOrder<br/>
<a href="#Output-102617125" onClick='toggleBox("Output-102617125", this, "Show output", "Hide output");'>Show output</a>

<a href="#Output-102617125" onClick="toggleAllBoxes();">Show all outputs</a>
<div class='log' id="Output-102617125">
Order Id :Auto2914<br/>
Order Id :Auto9957<br/>
</div>
</td>
<td></td>
<td>1</td>
<td>apiTests.PostInsert90MinOrder@1554909b</td></tr>
<tr>
<td title='apiTests.PostRescheduleOrder.OrderRescheduleTest()'><b>OrderRescheduleTest</b><br>Test class: apiTests.PostRescheduleOrder</td>
<td></td>
<td>0</td>
<td>apiTests.PostRescheduleOrder@2812cbfa</td></tr>
<tr>
<td title='apiTests.PostUpdateMerchantThreshold.UpdateMerchantThresholdTest()'><b>UpdateMerchantThresholdTest</b><br>Test class: apiTests.PostUpdateMerchantThreshold</td>
<td></td>
<td>0</td>
<td>apiTests.PostUpdateMerchantThreshold@67b64c45</td></tr>
<tr>
<td title='apiTests.PostUpdateMerchantType.UpdateMerchantTypeTest()'><b>UpdateMerchantTypeTest</b><br>Test class: apiTests.PostUpdateMerchantType</td>
<td></td>
<td>0</td>
<td>apiTests.PostUpdateMerchantType@6108b2d7</td></tr>
</table><p>
</body>
</html>