<?xml version="1.0" encoding="UTF-8"?>
<testng-results skipped="0" failed="4" total="20" passed="16">
  <reporter-output>
    <line>
      <![CDATA[Verify the response of GetQueuedOrders Api.]]>
    </line>
    <line>
      <![CDATA[Base URL is http://test-grofers-hp.appspot.com]]>
    </line>
    <line>
      <![CDATA[http response code is not 200. ]]>
    </line>
    <line>
      <![CDATA[Test Status of GetQueuedOrders Api :  FAIL  ]]>
    </line>
    <line>
      <![CDATA[------------------------------------------------------------------------------------]]>
    </line>
    <line>
      <![CDATA[Starting Execution of Test: CrmAssignmentTest]]>
    </line>
    <line>
      <![CDATA[------------------------------------------------------------------------------------]]>
    </line>
    <line>
      <![CDATA[]]>
    </line>
    <line>
      <![CDATA[Test Status of CrmAssignment Api :  PASS  ]]>
    </line>
    <line>
      <![CDATA[Test Status of CrmAssignment Api :  PASS  ]]>
    </line>
    <line>
      <![CDATA[Test Status of CrmAssignment Api :  PASS  ]]>
    </line>
    <line>
      <![CDATA[API Test Passed CrmAssignmentTest]]>
    </line>
    <line>
      <![CDATA[------------------------------------------------------------------------------------]]>
    </line>
    <line>
      <![CDATA[Completed Execution of Test: CrmAssignmentTest]]>
    </line>
    <line>
      <![CDATA[------------------------------------------------------------------------------------]]>
    </line>
    <line>
      <![CDATA[------------------------------------------------------------------------------------]]>
    </line>
    <line>
      <![CDATA[Starting Execution of Test: FeAssignmentTest]]>
    </line>
    <line>
      <![CDATA[------------------------------------------------------------------------------------]]>
    </line>
    <line>
      <![CDATA[]]>
    </line>
    <line>
      <![CDATA[Test Status of FeAssignment Api :  PASS  ]]>
    </line>
    <line>
      <![CDATA[Test Status of FeAssignment Api :  PASS  ]]>
    </line>
    <line>
      <![CDATA[Test Status of FeAssignment Api :  PASS  ]]>
    </line>
    <line>
      <![CDATA[API Test Passed FeAssignmentTest]]>
    </line>
    <line>
      <![CDATA[------------------------------------------------------------------------------------]]>
    </line>
    <line>
      <![CDATA[Completed Execution of Test: FeAssignmentTest]]>
    </line>
    <line>
      <![CDATA[------------------------------------------------------------------------------------]]>
    </line>
    <line>
      <![CDATA[------------------------------------------------------------------------------------]]>
    </line>
    <line>
      <![CDATA[Starting Execution of Test: GetForceUpdateConfig]]>
    </line>
    <line>
      <![CDATA[------------------------------------------------------------------------------------]]>
    </line>
    <line>
      <![CDATA[]]>
    </line>
    <line>
      <![CDATA[API Test Passed GetForceUpdateConfig]]>
    </line>
    <line>
      <![CDATA[------------------------------------------------------------------------------------]]>
    </line>
    <line>
      <![CDATA[Completed Execution of Test: GetForceUpdateConfig]]>
    </line>
    <line>
      <![CDATA[------------------------------------------------------------------------------------]]>
    </line>
    <line>
      <![CDATA[------------------------------------------------------------------------------------]]>
    </line>
    <line>
      <![CDATA[Starting Execution of Test: OrderRescheduleTest]]>
    </line>
    <line>
      <![CDATA[------------------------------------------------------------------------------------]]>
    </line>
    <line>
      <![CDATA[]]>
    </line>
    <line>
      <![CDATA[API Test Passed OrderRescheduleTest]]>
    </line>
    <line>
      <![CDATA[------------------------------------------------------------------------------------]]>
    </line>
    <line>
      <![CDATA[Completed Execution of Test: OrderRescheduleTest]]>
    </line>
    <line>
      <![CDATA[------------------------------------------------------------------------------------]]>
    </line>
    <line>
      <![CDATA[------------------------------------------------------------------------------------]]>
    </line>
    <line>
      <![CDATA[Starting Execution of Test: GetShoppersByIdTest]]>
    </line>
    <line>
      <![CDATA[------------------------------------------------------------------------------------]]>
    </line>
    <line>
      <![CDATA[]]>
    </line>
    <line>
      <![CDATA[API Test Passed GetShoppersByIdTest]]>
    </line>
    <line>
      <![CDATA[------------------------------------------------------------------------------------]]>
    </line>
    <line>
      <![CDATA[Completed Execution of Test: GetShoppersByIdTest]]>
    </line>
    <line>
      <![CDATA[------------------------------------------------------------------------------------]]>
    </line>
    <line>
      <![CDATA[------------------------------------------------------------------------------------]]>
    </line>
    <line>
      <![CDATA[Starting Execution of Test: InsertMarketPlaceOrderTest]]>
    </line>
    <line>
      <![CDATA[------------------------------------------------------------------------------------]]>
    </line>
    <line>
      <![CDATA[]]>
    </line>
    <line>
      <![CDATA[Order Id for the Test: Auto3943]]>
    </line>
    <line>
      <![CDATA[Test Status of Merchant Place Api :  PASS  ]]>
    </line>
    <line>
      <![CDATA[API Test Passed InsertMarketPlaceOrderTest]]>
    </line>
    <line>
      <![CDATA[------------------------------------------------------------------------------------]]>
    </line>
    <line>
      <![CDATA[Completed Execution of Test: InsertMarketPlaceOrderTest]]>
    </line>
    <line>
      <![CDATA[------------------------------------------------------------------------------------]]>
    </line>
    <line>
      <![CDATA[------------------------------------------------------------------------------------]]>
    </line>
    <line>
      <![CDATA[Starting Execution of Test: AddMerchantShopperMapping]]>
    </line>
    <line>
      <![CDATA[------------------------------------------------------------------------------------]]>
    </line>
    <line>
      <![CDATA[]]>
    </line>
    <line>
      <![CDATA[Base URL is http://test-grofers-hp.appspot.com]]>
    </line>
    <line>
      <![CDATA[Test Status of CrmAssignment Api :  FAIL  ]]>
    </line>
    <line>
      <![CDATA[API Test Passed AddMerchantShopperMapping]]>
    </line>
    <line>
      <![CDATA[------------------------------------------------------------------------------------]]>
    </line>
    <line>
      <![CDATA[Completed Execution of Test: AddMerchantShopperMapping]]>
    </line>
    <line>
      <![CDATA[------------------------------------------------------------------------------------]]>
    </line>
    <line>
      <![CDATA[------------------------------------------------------------------------------------]]>
    </line>
    <line>
      <![CDATA[Starting Execution of Test: GetMerchantsDetailTest]]>
    </line>
    <line>
      <![CDATA[------------------------------------------------------------------------------------]]>
    </line>
    <line>
      <![CDATA[]]>
    </line>
    <line>
      <![CDATA[API Test Passed GetMerchantsDetailTest]]>
    </line>
    <line>
      <![CDATA[------------------------------------------------------------------------------------]]>
    </line>
    <line>
      <![CDATA[Completed Execution of Test: GetMerchantsDetailTest]]>
    </line>
    <line>
      <![CDATA[------------------------------------------------------------------------------------]]>
    </line>
    <line>
      <![CDATA[------------------------------------------------------------------------------------]]>
    </line>
    <line>
      <![CDATA[Starting Execution of Test: CancelOrderTest]]>
    </line>
    <line>
      <![CDATA[------------------------------------------------------------------------------------]]>
    </line>
    <line>
      <![CDATA[]]>
    </line>
    <line>
      <![CDATA[Test Status of CrmAssignment Api :  PASS  ]]>
    </line>
    <line>
      <![CDATA[API Test Passed CancelOrderTest]]>
    </line>
    <line>
      <![CDATA[------------------------------------------------------------------------------------]]>
    </line>
    <line>
      <![CDATA[Completed Execution of Test: CancelOrderTest]]>
    </line>
    <line>
      <![CDATA[------------------------------------------------------------------------------------]]>
    </line>
    <line>
      <![CDATA[------------------------------------------------------------------------------------]]>
    </line>
    <line>
      <![CDATA[Starting Execution of Test: InsertOrderTest]]>
    </line>
    <line>
      <![CDATA[------------------------------------------------------------------------------------]]>
    </line>
    <line>
      <![CDATA[]]>
    </line>
    <line>
      <![CDATA[Order Id :Auto2914]]>
    </line>
    <line>
      <![CDATA[Order Id :Auto9957]]>
    </line>
    <line>
      <![CDATA[API Test Passed InsertOrderTest]]>
    </line>
    <line>
      <![CDATA[------------------------------------------------------------------------------------]]>
    </line>
    <line>
      <![CDATA[Completed Execution of Test: InsertOrderTest]]>
    </line>
    <line>
      <![CDATA[------------------------------------------------------------------------------------]]>
    </line>
    <line>
      <![CDATA[------------------------------------------------------------------------------------]]>
    </line>
    <line>
      <![CDATA[Starting Execution of Test: InsertChildOrderTest]]>
    </line>
    <line>
      <![CDATA[------------------------------------------------------------------------------------]]>
    </line>
    <line>
      <![CDATA[]]>
    </line>
    <line>
      <![CDATA[Test Status of insertOrder Api :  PASS  ]]>
    </line>
    <line>
      <![CDATA[API Test Passed InsertChildOrderTest]]>
    </line>
    <line>
      <![CDATA[------------------------------------------------------------------------------------]]>
    </line>
    <line>
      <![CDATA[Completed Execution of Test: InsertChildOrderTest]]>
    </line>
    <line>
      <![CDATA[------------------------------------------------------------------------------------]]>
    </line>
    <line>
      <![CDATA[------------------------------------------------------------------------------------]]>
    </line>
    <line>
      <![CDATA[Starting Execution of Test: CancelOrderTest]]>
    </line>
    <line>
      <![CDATA[------------------------------------------------------------------------------------]]>
    </line>
    <line>
      <![CDATA[]]>
    </line>
    <line>
      <![CDATA[API Test Passed CancelOrderTest]]>
    </line>
    <line>
      <![CDATA[------------------------------------------------------------------------------------]]>
    </line>
    <line>
      <![CDATA[Completed Execution of Test: CancelOrderTest]]>
    </line>
    <line>
      <![CDATA[------------------------------------------------------------------------------------]]>
    </line>
    <line>
      <![CDATA[------------------------------------------------------------------------------------]]>
    </line>
    <line>
      <![CDATA[Starting Execution of Test: ResetMerchantThresholdTest]]>
    </line>
    <line>
      <![CDATA[------------------------------------------------------------------------------------]]>
    </line>
    <line>
      <![CDATA[]]>
    </line>
    <line>
      <![CDATA[API Test Passed ResetMerchantThresholdTest]]>
    </line>
    <line>
      <![CDATA[------------------------------------------------------------------------------------]]>
    </line>
    <line>
      <![CDATA[Completed Execution of Test: ResetMerchantThresholdTest]]>
    </line>
    <line>
      <![CDATA[------------------------------------------------------------------------------------]]>
    </line>
    <line>
      <![CDATA[------------------------------------------------------------------------------------]]>
    </line>
    <line>
      <![CDATA[Starting Execution of Test: GetShopperBuCityIdTest]]>
    </line>
    <line>
      <![CDATA[------------------------------------------------------------------------------------]]>
    </line>
    <line>
      <![CDATA[]]>
    </line>
    <line>
      <![CDATA[API Test Passed GetShopperBuCityIdTest]]>
    </line>
    <line>
      <![CDATA[------------------------------------------------------------------------------------]]>
    </line>
    <line>
      <![CDATA[Completed Execution of Test: GetShopperBuCityIdTest]]>
    </line>
    <line>
      <![CDATA[------------------------------------------------------------------------------------]]>
    </line>
    <line>
      <![CDATA[------------------------------------------------------------------------------------]]>
    </line>
    <line>
      <![CDATA[Starting Execution of Test: GetShopperByMerchantIdTest]]>
    </line>
    <line>
      <![CDATA[------------------------------------------------------------------------------------]]>
    </line>
    <line>
      <![CDATA[]]>
    </line>
    <line>
      <![CDATA[Expected and Actual response are same.  ]]>
    </line>
    <line>
      <![CDATA[Test Status of ShopperByMerchantId Api :  PASS  ]]>
    </line>
    <line>
      <![CDATA[API Test Passed GetShopperByMerchantIdTest]]>
    </line>
    <line>
      <![CDATA[------------------------------------------------------------------------------------]]>
    </line>
    <line>
      <![CDATA[Completed Execution of Test: GetShopperByMerchantIdTest]]>
    </line>
    <line>
      <![CDATA[------------------------------------------------------------------------------------]]>
    </line>
    <line>
      <![CDATA[------------------------------------------------------------------------------------]]>
    </line>
    <line>
      <![CDATA[Starting Execution of Test: UpdateMerchantThresholdTest]]>
    </line>
    <line>
      <![CDATA[------------------------------------------------------------------------------------]]>
    </line>
    <line>
      <![CDATA[]]>
    </line>
    <line>
      <![CDATA[API Test Passed UpdateMerchantThresholdTest]]>
    </line>
    <line>
      <![CDATA[------------------------------------------------------------------------------------]]>
    </line>
    <line>
      <![CDATA[Completed Execution of Test: UpdateMerchantThresholdTest]]>
    </line>
    <line>
      <![CDATA[------------------------------------------------------------------------------------]]>
    </line>
    <line>
      <![CDATA[------------------------------------------------------------------------------------]]>
    </line>
    <line>
      <![CDATA[Starting Execution of Test: UpdateMerchantTypeTest]]>
    </line>
    <line>
      <![CDATA[------------------------------------------------------------------------------------]]>
    </line>
    <line>
      <![CDATA[]]>
    </line>
    <line>
      <![CDATA[API Test Passed UpdateMerchantTypeTest]]>
    </line>
    <line>
      <![CDATA[------------------------------------------------------------------------------------]]>
    </line>
    <line>
      <![CDATA[Completed Execution of Test: UpdateMerchantTypeTest]]>
    </line>
    <line>
      <![CDATA[------------------------------------------------------------------------------------]]>
    </line>
    <line>
      <![CDATA[------------------------------------------------------------------------------------]]>
    </line>
    <line>
      <![CDATA[Starting Execution of Test: CancelOrderTest]]>
    </line>
    <line>
      <![CDATA[------------------------------------------------------------------------------------]]>
    </line>
    <line>
      <![CDATA[]]>
    </line>
    <line>
      <![CDATA[API Test Passed CancelOrderTest]]>
    </line>
    <line>
      <![CDATA[------------------------------------------------------------------------------------]]>
    </line>
    <line>
      <![CDATA[Completed Execution of Test: CancelOrderTest]]>
    </line>
    <line>
      <![CDATA[------------------------------------------------------------------------------------]]>
    </line>
    <line>
      <![CDATA[------------------------------------------------------------------------------------]]>
    </line>
    <line>
      <![CDATA[Starting Execution of Test: AddMerchantTest]]>
    </line>
    <line>
      <![CDATA[------------------------------------------------------------------------------------]]>
    </line>
    <line>
      <![CDATA[]]>
    </line>
    <line>
      <![CDATA[API Test Passed AddMerchantTest]]>
    </line>
    <line>
      <![CDATA[------------------------------------------------------------------------------------]]>
    </line>
    <line>
      <![CDATA[Completed Execution of Test: AddMerchantTest]]>
    </line>
    <line>
      <![CDATA[------------------------------------------------------------------------------------]]>
    </line>
  </reporter-output>
  <suite name="Suite" duration-ms="35622" started-at="2016-07-19T13:18:12Z" finished-at="2016-07-19T13:18:48Z">
    <groups>
    </groups>
    <test name="Test" duration-ms="35622" started-at="2016-07-19T13:18:12Z" finished-at="2016-07-19T13:18:48Z">
      <class name="apiTests.PostOrderEnroute">
        <test-method status="PASS" signature="Createonnection(java.lang.reflect.Method)[pri:0, instance:apiTests.PostOrderEnroute@7f690630]" name="Createonnection" is-config="true" duration-ms="12" started-at="2016-07-19T18:48:29Z" finished-at="2016-07-19T18:48:29Z">
          <params>
            <param index="0">
              <value>
                <![CDATA[public void apiTests.PostOrderEnroute.CancelOrderTest() throws java.io.IOException]]>
              </value>
            </param>
          </params>
          <reporter-output>
            <line>
              <![CDATA[------------------------------------------------------------------------------------]]>
            </line>
            <line>
              <![CDATA[Starting Execution of Test: CancelOrderTest]]>
            </line>
            <line>
              <![CDATA[------------------------------------------------------------------------------------]]>
            </line>
            <line>
              <![CDATA[]]>
            </line>
          </reporter-output>
        </test-method> <!-- Createonnection -->
        <test-method status="PASS" signature="CancelOrderTest()[pri:0, instance:apiTests.PostOrderEnroute@7f690630]" name="CancelOrderTest" duration-ms="3792" started-at="2016-07-19T18:48:29Z" finished-at="2016-07-19T18:48:33Z">
          <reporter-output>
          </reporter-output>
        </test-method> <!-- CancelOrderTest -->
        <test-method status="PASS" signature="terminateConnection(java.lang.reflect.Method)[pri:0, instance:apiTests.PostOrderEnroute@7f690630]" name="terminateConnection" is-config="true" duration-ms="8" started-at="2016-07-19T18:48:33Z" finished-at="2016-07-19T18:48:33Z">
          <params>
            <param index="0">
              <value>
                <![CDATA[public void apiTests.PostOrderEnroute.CancelOrderTest() throws java.io.IOException]]>
              </value>
            </param>
          </params>
          <reporter-output>
            <line>
              <![CDATA[API Test Passed CancelOrderTest]]>
            </line>
            <line>
              <![CDATA[------------------------------------------------------------------------------------]]>
            </line>
            <line>
              <![CDATA[Completed Execution of Test: CancelOrderTest]]>
            </line>
            <line>
              <![CDATA[------------------------------------------------------------------------------------]]>
            </line>
          </reporter-output>
        </test-method> <!-- terminateConnection -->
      </class> <!-- apiTests.PostOrderEnroute -->
      <class name="apiTests.PostInsert90MinOrder">
        <test-method status="PASS" signature="Createonnection(java.lang.reflect.Method)[pri:0, instance:apiTests.PostInsert90MinOrder@1554909b]" name="Createonnection" is-config="true" duration-ms="4" started-at="2016-07-19T18:48:26Z" finished-at="2016-07-19T18:48:26Z">
          <params>
            <param index="0">
              <value>
                <![CDATA[public void apiTests.PostInsert90MinOrder.InsertOrderTest() throws java.io.IOException]]>
              </value>
            </param>
          </params>
          <reporter-output>
            <line>
              <![CDATA[------------------------------------------------------------------------------------]]>
            </line>
            <line>
              <![CDATA[Starting Execution of Test: InsertOrderTest]]>
            </line>
            <line>
              <![CDATA[------------------------------------------------------------------------------------]]>
            </line>
            <line>
              <![CDATA[]]>
            </line>
          </reporter-output>
        </test-method> <!-- Createonnection -->
        <test-method status="PASS" signature="InsertOrderTest()[pri:0, instance:apiTests.PostInsert90MinOrder@1554909b]" name="InsertOrderTest" duration-ms="1411" started-at="2016-07-19T18:48:26Z" finished-at="2016-07-19T18:48:28Z">
          <reporter-output>
            <line>
              <![CDATA[Order Id :Auto2914]]>
            </line>
            <line>
              <![CDATA[Order Id :Auto9957]]>
            </line>
          </reporter-output>
        </test-method> <!-- InsertOrderTest -->
        <test-method status="PASS" signature="terminateConnection(java.lang.reflect.Method)[pri:0, instance:apiTests.PostInsert90MinOrder@1554909b]" name="terminateConnection" is-config="true" duration-ms="0" started-at="2016-07-19T18:48:28Z" finished-at="2016-07-19T18:48:28Z">
          <params>
            <param index="0">
              <value>
                <![CDATA[public void apiTests.PostInsert90MinOrder.InsertOrderTest() throws java.io.IOException]]>
              </value>
            </param>
          </params>
          <reporter-output>
            <line>
              <![CDATA[API Test Passed InsertOrderTest]]>
            </line>
            <line>
              <![CDATA[------------------------------------------------------------------------------------]]>
            </line>
            <line>
              <![CDATA[Completed Execution of Test: InsertOrderTest]]>
            </line>
            <line>
              <![CDATA[------------------------------------------------------------------------------------]]>
            </line>
          </reporter-output>
        </test-method> <!-- terminateConnection -->
      </class> <!-- apiTests.PostInsert90MinOrder -->
      <class name="apiTests.PostInsertMarketPlaceOrder">
        <test-method status="PASS" signature="Createonnection(java.lang.reflect.Method)[pri:0, instance:apiTests.PostInsertMarketPlaceOrder@2d6e8792]" name="Createonnection" is-config="true" duration-ms="6" started-at="2016-07-19T18:48:22Z" finished-at="2016-07-19T18:48:22Z">
          <params>
            <param index="0">
              <value>
                <![CDATA[public void apiTests.PostInsertMarketPlaceOrder.InsertMarketPlaceOrderTest() throws java.io.IOException]]>
              </value>
            </param>
          </params>
          <reporter-output>
            <line>
              <![CDATA[------------------------------------------------------------------------------------]]>
            </line>
            <line>
              <![CDATA[Starting Execution of Test: InsertMarketPlaceOrderTest]]>
            </line>
            <line>
              <![CDATA[------------------------------------------------------------------------------------]]>
            </line>
            <line>
              <![CDATA[]]>
            </line>
          </reporter-output>
        </test-method> <!-- Createonnection -->
        <test-method status="PASS" signature="InsertMarketPlaceOrderTest()[pri:0, instance:apiTests.PostInsertMarketPlaceOrder@2d6e8792]" name="InsertMarketPlaceOrderTest" duration-ms="1004" started-at="2016-07-19T18:48:22Z" finished-at="2016-07-19T18:48:23Z">
          <reporter-output>
            <line>
              <![CDATA[Order Id for the Test: Auto3943]]>
            </line>
            <line>
              <![CDATA[Test Status of Merchant Place Api :  PASS  ]]>
            </line>
          </reporter-output>
        </test-method> <!-- InsertMarketPlaceOrderTest -->
        <test-method status="PASS" signature="terminateConnection(java.lang.reflect.Method)[pri:0, instance:apiTests.PostInsertMarketPlaceOrder@2d6e8792]" name="terminateConnection" is-config="true" duration-ms="0" started-at="2016-07-19T18:48:23Z" finished-at="2016-07-19T18:48:23Z">
          <params>
            <param index="0">
              <value>
                <![CDATA[public void apiTests.PostInsertMarketPlaceOrder.InsertMarketPlaceOrderTest() throws java.io.IOException]]>
              </value>
            </param>
          </params>
          <reporter-output>
            <line>
              <![CDATA[API Test Passed InsertMarketPlaceOrderTest]]>
            </line>
            <line>
              <![CDATA[------------------------------------------------------------------------------------]]>
            </line>
            <line>
              <![CDATA[Completed Execution of Test: InsertMarketPlaceOrderTest]]>
            </line>
            <line>
              <![CDATA[------------------------------------------------------------------------------------]]>
            </line>
          </reporter-output>
        </test-method> <!-- terminateConnection -->
      </class> <!-- apiTests.PostInsertMarketPlaceOrder -->
      <class name="apiTests.PostRescheduleOrder">
        <test-method status="PASS" signature="Createonnection(java.lang.reflect.Method)[pri:0, instance:apiTests.PostRescheduleOrder@2812cbfa]" name="Createonnection" is-config="true" duration-ms="3" started-at="2016-07-19T18:48:21Z" finished-at="2016-07-19T18:48:21Z">
          <params>
            <param index="0">
              <value>
                <![CDATA[public void apiTests.PostRescheduleOrder.OrderRescheduleTest() throws java.io.IOException]]>
              </value>
            </param>
          </params>
          <reporter-output>
            <line>
              <![CDATA[------------------------------------------------------------------------------------]]>
            </line>
            <line>
              <![CDATA[Starting Execution of Test: OrderRescheduleTest]]>
            </line>
            <line>
              <![CDATA[------------------------------------------------------------------------------------]]>
            </line>
            <line>
              <![CDATA[]]>
            </line>
          </reporter-output>
        </test-method> <!-- Createonnection -->
        <test-method status="PASS" signature="OrderRescheduleTest()[pri:0, instance:apiTests.PostRescheduleOrder@2812cbfa]" name="OrderRescheduleTest" duration-ms="302" started-at="2016-07-19T18:48:21Z" finished-at="2016-07-19T18:48:21Z">
          <reporter-output>
          </reporter-output>
        </test-method> <!-- OrderRescheduleTest -->
        <test-method status="PASS" signature="terminateConnection(java.lang.reflect.Method)[pri:0, instance:apiTests.PostRescheduleOrder@2812cbfa]" name="terminateConnection" is-config="true" duration-ms="0" started-at="2016-07-19T18:48:21Z" finished-at="2016-07-19T18:48:21Z">
          <params>
            <param index="0">
              <value>
                <![CDATA[public void apiTests.PostRescheduleOrder.OrderRescheduleTest() throws java.io.IOException]]>
              </value>
            </param>
          </params>
          <reporter-output>
            <line>
              <![CDATA[API Test Passed OrderRescheduleTest]]>
            </line>
            <line>
              <![CDATA[------------------------------------------------------------------------------------]]>
            </line>
            <line>
              <![CDATA[Completed Execution of Test: OrderRescheduleTest]]>
            </line>
            <line>
              <![CDATA[------------------------------------------------------------------------------------]]>
            </line>
          </reporter-output>
        </test-method> <!-- terminateConnection -->
      </class> <!-- apiTests.PostRescheduleOrder -->
      <class name="apiTests.GetShopperBuCityId">
        <test-method status="PASS" signature="Createonnection(java.lang.reflect.Method)[pri:0, instance:apiTests.GetShopperBuCityId@6fadae5d]" name="Createonnection" is-config="true" duration-ms="24" started-at="2016-07-19T18:48:43Z" finished-at="2016-07-19T18:48:43Z">
          <params>
            <param index="0">
              <value>
                <![CDATA[public void apiTests.GetShopperBuCityId.GetShopperBuCityIdTest() throws java.io.IOException]]>
              </value>
            </param>
          </params>
          <reporter-output>
            <line>
              <![CDATA[------------------------------------------------------------------------------------]]>
            </line>
            <line>
              <![CDATA[Starting Execution of Test: GetShopperBuCityIdTest]]>
            </line>
            <line>
              <![CDATA[------------------------------------------------------------------------------------]]>
            </line>
            <line>
              <![CDATA[]]>
            </line>
          </reporter-output>
        </test-method> <!-- Createonnection -->
        <test-method status="PASS" signature="GetShopperBuCityIdTest()[pri:0, instance:apiTests.GetShopperBuCityId@6fadae5d]" name="GetShopperBuCityIdTest" duration-ms="1019" started-at="2016-07-19T18:48:43Z" finished-at="2016-07-19T18:48:44Z">
          <reporter-output>
          </reporter-output>
        </test-method> <!-- GetShopperBuCityIdTest -->
        <test-method status="PASS" signature="terminateConnection(java.lang.reflect.Method)[pri:0, instance:apiTests.GetShopperBuCityId@6fadae5d]" name="terminateConnection" is-config="true" duration-ms="1" started-at="2016-07-19T18:48:44Z" finished-at="2016-07-19T18:48:44Z">
          <params>
            <param index="0">
              <value>
                <![CDATA[public void apiTests.GetShopperBuCityId.GetShopperBuCityIdTest() throws java.io.IOException]]>
              </value>
            </param>
          </params>
          <reporter-output>
            <line>
              <![CDATA[API Test Passed GetShopperBuCityIdTest]]>
            </line>
            <line>
              <![CDATA[------------------------------------------------------------------------------------]]>
            </line>
            <line>
              <![CDATA[Completed Execution of Test: GetShopperBuCityIdTest]]>
            </line>
            <line>
              <![CDATA[------------------------------------------------------------------------------------]]>
            </line>
          </reporter-output>
        </test-method> <!-- terminateConnection -->
      </class> <!-- apiTests.GetShopperBuCityId -->
      <class name="apiTests.PostAddMerchant">
        <test-method status="PASS" signature="Createonnection(java.lang.reflect.Method)[pri:0, instance:apiTests.PostAddMerchant@4411d970]" name="Createonnection" is-config="true" duration-ms="5" started-at="2016-07-19T18:48:47Z" finished-at="2016-07-19T18:48:47Z">
          <params>
            <param index="0">
              <value>
                <![CDATA[public void apiTests.PostAddMerchant.AddMerchantTest() throws java.lang.Exception]]>
              </value>
            </param>
          </params>
          <reporter-output>
            <line>
              <![CDATA[------------------------------------------------------------------------------------]]>
            </line>
            <line>
              <![CDATA[Starting Execution of Test: AddMerchantTest]]>
            </line>
            <line>
              <![CDATA[------------------------------------------------------------------------------------]]>
            </line>
            <line>
              <![CDATA[]]>
            </line>
          </reporter-output>
        </test-method> <!-- Createonnection -->
        <test-method status="PASS" signature="AddMerchantTest()[pri:0, instance:apiTests.PostAddMerchant@4411d970]" name="AddMerchantTest" duration-ms="931" started-at="2016-07-19T18:48:47Z" finished-at="2016-07-19T18:48:48Z">
          <reporter-output>
          </reporter-output>
        </test-method> <!-- AddMerchantTest -->
        <test-method status="PASS" signature="terminateConnection(java.lang.reflect.Method)[pri:0, instance:apiTests.PostAddMerchant@4411d970]" name="terminateConnection" is-config="true" duration-ms="1" started-at="2016-07-19T18:48:48Z" finished-at="2016-07-19T18:48:48Z">
          <params>
            <param index="0">
              <value>
                <![CDATA[public void apiTests.PostAddMerchant.AddMerchantTest() throws java.lang.Exception]]>
              </value>
            </param>
          </params>
          <reporter-output>
            <line>
              <![CDATA[API Test Passed AddMerchantTest]]>
            </line>
            <line>
              <![CDATA[------------------------------------------------------------------------------------]]>
            </line>
            <line>
              <![CDATA[Completed Execution of Test: AddMerchantTest]]>
            </line>
            <line>
              <![CDATA[------------------------------------------------------------------------------------]]>
            </line>
          </reporter-output>
        </test-method> <!-- terminateConnection -->
      </class> <!-- apiTests.PostAddMerchant -->
      <class name="apiTests.GetMerchantsDetail">
        <test-method status="PASS" signature="Createonnection(java.lang.reflect.Method)[pri:0, instance:apiTests.GetMerchantsDetail@96532d6]" name="Createonnection" is-config="true" duration-ms="4" started-at="2016-07-19T18:48:23Z" finished-at="2016-07-19T18:48:23Z">
          <params>
            <param index="0">
              <value>
                <![CDATA[public void apiTests.GetMerchantsDetail.GetMerchantsDetailTest() throws java.io.IOException]]>
              </value>
            </param>
          </params>
          <reporter-output>
            <line>
              <![CDATA[------------------------------------------------------------------------------------]]>
            </line>
            <line>
              <![CDATA[Starting Execution of Test: GetMerchantsDetailTest]]>
            </line>
            <line>
              <![CDATA[------------------------------------------------------------------------------------]]>
            </line>
            <line>
              <![CDATA[]]>
            </line>
          </reporter-output>
        </test-method> <!-- Createonnection -->
        <test-method status="PASS" signature="GetMerchantsDetailTest()[pri:0, instance:apiTests.GetMerchantsDetail@96532d6]" name="GetMerchantsDetailTest" duration-ms="508" started-at="2016-07-19T18:48:23Z" finished-at="2016-07-19T18:48:24Z">
          <reporter-output>
          </reporter-output>
        </test-method> <!-- GetMerchantsDetailTest -->
        <test-method status="PASS" signature="terminateConnection(java.lang.reflect.Method)[pri:0, instance:apiTests.GetMerchantsDetail@96532d6]" name="terminateConnection" is-config="true" duration-ms="0" started-at="2016-07-19T18:48:24Z" finished-at="2016-07-19T18:48:24Z">
          <params>
            <param index="0">
              <value>
                <![CDATA[public void apiTests.GetMerchantsDetail.GetMerchantsDetailTest() throws java.io.IOException]]>
              </value>
            </param>
          </params>
          <reporter-output>
            <line>
              <![CDATA[API Test Passed GetMerchantsDetailTest]]>
            </line>
            <line>
              <![CDATA[------------------------------------------------------------------------------------]]>
            </line>
            <line>
              <![CDATA[Completed Execution of Test: GetMerchantsDetailTest]]>
            </line>
            <line>
              <![CDATA[------------------------------------------------------------------------------------]]>
            </line>
          </reporter-output>
        </test-method> <!-- terminateConnection -->
      </class> <!-- apiTests.GetMerchantsDetail -->
      <class name="apiTests.PostUpdateMerchantThreshold">
        <test-method status="PASS" signature="Createonnection(java.lang.reflect.Method)[pri:0, instance:apiTests.PostUpdateMerchantThreshold@67b64c45]" name="Createonnection" is-config="true" duration-ms="11" started-at="2016-07-19T18:48:46Z" finished-at="2016-07-19T18:48:46Z">
          <params>
            <param index="0">
              <value>
                <![CDATA[public void apiTests.PostUpdateMerchantThreshold.UpdateMerchantThresholdTest() throws java.io.IOException]]>
              </value>
            </param>
          </params>
          <reporter-output>
            <line>
              <![CDATA[------------------------------------------------------------------------------------]]>
            </line>
            <line>
              <![CDATA[Starting Execution of Test: UpdateMerchantThresholdTest]]>
            </line>
            <line>
              <![CDATA[------------------------------------------------------------------------------------]]>
            </line>
            <line>
              <![CDATA[]]>
            </line>
          </reporter-output>
        </test-method> <!-- Createonnection -->
        <test-method status="PASS" signature="UpdateMerchantThresholdTest()[pri:0, instance:apiTests.PostUpdateMerchantThreshold@67b64c45]" name="UpdateMerchantThresholdTest" duration-ms="704" started-at="2016-07-19T18:48:46Z" finished-at="2016-07-19T18:48:46Z">
          <reporter-output>
          </reporter-output>
        </test-method> <!-- UpdateMerchantThresholdTest -->
        <test-method status="PASS" signature="terminateConnection(java.lang.reflect.Method)[pri:0, instance:apiTests.PostUpdateMerchantThreshold@67b64c45]" name="terminateConnection" is-config="true" duration-ms="1" started-at="2016-07-19T18:48:46Z" finished-at="2016-07-19T18:48:46Z">
          <params>
            <param index="0">
              <value>
                <![CDATA[public void apiTests.PostUpdateMerchantThreshold.UpdateMerchantThresholdTest() throws java.io.IOException]]>
              </value>
            </param>
          </params>
          <reporter-output>
            <line>
              <![CDATA[API Test Passed UpdateMerchantThresholdTest]]>
            </line>
            <line>
              <![CDATA[------------------------------------------------------------------------------------]]>
            </line>
            <line>
              <![CDATA[Completed Execution of Test: UpdateMerchantThresholdTest]]>
            </line>
            <line>
              <![CDATA[------------------------------------------------------------------------------------]]>
            </line>
          </reporter-output>
        </test-method> <!-- terminateConnection -->
      </class> <!-- apiTests.PostUpdateMerchantThreshold -->
      <class name="apiTests.PostUpdateMerchantType">
        <test-method status="PASS" signature="Createonnection(java.lang.reflect.Method)[pri:0, instance:apiTests.PostUpdateMerchantType@6108b2d7]" name="Createonnection" is-config="true" duration-ms="6" started-at="2016-07-19T18:48:46Z" finished-at="2016-07-19T18:48:46Z">
          <params>
            <param index="0">
              <value>
                <![CDATA[public void apiTests.PostUpdateMerchantType.UpdateMerchantTypeTest() throws java.io.IOException]]>
              </value>
            </param>
          </params>
          <reporter-output>
            <line>
              <![CDATA[------------------------------------------------------------------------------------]]>
            </line>
            <line>
              <![CDATA[Starting Execution of Test: UpdateMerchantTypeTest]]>
            </line>
            <line>
              <![CDATA[------------------------------------------------------------------------------------]]>
            </line>
            <line>
              <![CDATA[]]>
            </line>
          </reporter-output>
        </test-method> <!-- Createonnection -->
        <test-method status="PASS" signature="UpdateMerchantTypeTest()[pri:0, instance:apiTests.PostUpdateMerchantType@6108b2d7]" name="UpdateMerchantTypeTest" duration-ms="553" started-at="2016-07-19T18:48:46Z" finished-at="2016-07-19T18:48:47Z">
          <reporter-output>
          </reporter-output>
        </test-method> <!-- UpdateMerchantTypeTest -->
        <test-method status="PASS" signature="terminateConnection(java.lang.reflect.Method)[pri:0, instance:apiTests.PostUpdateMerchantType@6108b2d7]" name="terminateConnection" is-config="true" duration-ms="0" started-at="2016-07-19T18:48:47Z" finished-at="2016-07-19T18:48:47Z">
          <params>
            <param index="0">
              <value>
                <![CDATA[public void apiTests.PostUpdateMerchantType.UpdateMerchantTypeTest() throws java.io.IOException]]>
              </value>
            </param>
          </params>
          <reporter-output>
            <line>
              <![CDATA[API Test Passed UpdateMerchantTypeTest]]>
            </line>
            <line>
              <![CDATA[------------------------------------------------------------------------------------]]>
            </line>
            <line>
              <![CDATA[Completed Execution of Test: UpdateMerchantTypeTest]]>
            </line>
            <line>
              <![CDATA[------------------------------------------------------------------------------------]]>
            </line>
          </reporter-output>
        </test-method> <!-- terminateConnection -->
      </class> <!-- apiTests.PostUpdateMerchantType -->
      <class name="apiTests.GetForceUpdateConfig">
        <test-method status="PASS" signature="Createonnection(java.lang.reflect.Method)[pri:0, instance:apiTests.GetForceUpdateConfig@7f63425a]" name="Createonnection" is-config="true" duration-ms="2" started-at="2016-07-19T18:48:21Z" finished-at="2016-07-19T18:48:21Z">
          <params>
            <param index="0">
              <value>
                <![CDATA[public void apiTests.GetForceUpdateConfig.GetShoppersByIdTest() throws java.io.IOException]]>
              </value>
            </param>
          </params>
          <reporter-output>
            <line>
              <![CDATA[------------------------------------------------------------------------------------]]>
            </line>
            <line>
              <![CDATA[Starting Execution of Test: GetShoppersByIdTest]]>
            </line>
            <line>
              <![CDATA[------------------------------------------------------------------------------------]]>
            </line>
            <line>
              <![CDATA[]]>
            </line>
          </reporter-output>
        </test-method> <!-- Createonnection -->
        <test-method status="PASS" signature="GetShoppersByIdTest()[pri:0, instance:apiTests.GetForceUpdateConfig@7f63425a]" name="GetShoppersByIdTest" duration-ms="303" started-at="2016-07-19T18:48:21Z" finished-at="2016-07-19T18:48:22Z">
          <reporter-output>
          </reporter-output>
        </test-method> <!-- GetShoppersByIdTest -->
        <test-method status="PASS" signature="terminateConnection(java.lang.reflect.Method)[pri:0, instance:apiTests.GetForceUpdateConfig@7f63425a]" name="terminateConnection" is-config="true" duration-ms="1" started-at="2016-07-19T18:48:22Z" finished-at="2016-07-19T18:48:22Z">
          <params>
            <param index="0">
              <value>
                <![CDATA[public void apiTests.GetForceUpdateConfig.GetShoppersByIdTest() throws java.io.IOException]]>
              </value>
            </param>
          </params>
          <reporter-output>
            <line>
              <![CDATA[API Test Passed GetShoppersByIdTest]]>
            </line>
            <line>
              <![CDATA[------------------------------------------------------------------------------------]]>
            </line>
            <line>
              <![CDATA[Completed Execution of Test: GetShoppersByIdTest]]>
            </line>
            <line>
              <![CDATA[------------------------------------------------------------------------------------]]>
            </line>
          </reporter-output>
        </test-method> <!-- terminateConnection -->
      </class> <!-- apiTests.GetForceUpdateConfig -->
      <class name="apiTests.PostCancelOrder">
        <test-method status="PASS" signature="Createonnection(java.lang.reflect.Method)[pri:0, instance:apiTests.PostCancelOrder@2acf57e3]" name="Createonnection" is-config="true" duration-ms="3" started-at="2016-07-19T18:48:24Z" finished-at="2016-07-19T18:48:24Z">
          <params>
            <param index="0">
              <value>
                <![CDATA[public void apiTests.PostCancelOrder.CancelOrderTest() throws java.io.IOException]]>
              </value>
            </param>
          </params>
          <reporter-output>
            <line>
              <![CDATA[------------------------------------------------------------------------------------]]>
            </line>
            <line>
              <![CDATA[Starting Execution of Test: CancelOrderTest]]>
            </line>
            <line>
              <![CDATA[------------------------------------------------------------------------------------]]>
            </line>
            <line>
              <![CDATA[]]>
            </line>
          </reporter-output>
        </test-method> <!-- Createonnection -->
        <test-method status="PASS" signature="CancelOrderTest()[pri:0, instance:apiTests.PostCancelOrder@2acf57e3]" name="CancelOrderTest" duration-ms="2291" started-at="2016-07-19T18:48:24Z" finished-at="2016-07-19T18:48:26Z">
          <reporter-output>
            <line>
              <![CDATA[Test Status of CrmAssignment Api :  PASS  ]]>
            </line>
          </reporter-output>
        </test-method> <!-- CancelOrderTest -->
        <test-method status="PASS" signature="terminateConnection(java.lang.reflect.Method)[pri:0, instance:apiTests.PostCancelOrder@2acf57e3]" name="terminateConnection" is-config="true" duration-ms="0" started-at="2016-07-19T18:48:26Z" finished-at="2016-07-19T18:48:26Z">
          <params>
            <param index="0">
              <value>
                <![CDATA[public void apiTests.PostCancelOrder.CancelOrderTest() throws java.io.IOException]]>
              </value>
            </param>
          </params>
          <reporter-output>
            <line>
              <![CDATA[API Test Passed CancelOrderTest]]>
            </line>
            <line>
              <![CDATA[------------------------------------------------------------------------------------]]>
            </line>
            <line>
              <![CDATA[Completed Execution of Test: CancelOrderTest]]>
            </line>
            <line>
              <![CDATA[------------------------------------------------------------------------------------]]>
            </line>
          </reporter-output>
        </test-method> <!-- terminateConnection -->
      </class> <!-- apiTests.PostCancelOrder -->
      <class name="apiTests.PostResetMerchantThreshold">
        <test-method status="PASS" signature="Createonnection(java.lang.reflect.Method)[pri:0, instance:apiTests.PostResetMerchantThreshold@506e6d5e]" name="Createonnection" is-config="true" duration-ms="18" started-at="2016-07-19T18:48:33Z" finished-at="2016-07-19T18:48:33Z">
          <params>
            <param index="0">
              <value>
                <![CDATA[public void apiTests.PostResetMerchantThreshold.ResetMerchantThresholdTest() throws java.io.IOException]]>
              </value>
            </param>
          </params>
          <reporter-output>
            <line>
              <![CDATA[------------------------------------------------------------------------------------]]>
            </line>
            <line>
              <![CDATA[Starting Execution of Test: ResetMerchantThresholdTest]]>
            </line>
            <line>
              <![CDATA[------------------------------------------------------------------------------------]]>
            </line>
            <line>
              <![CDATA[]]>
            </line>
          </reporter-output>
        </test-method> <!-- Createonnection -->
        <test-method status="FAIL" signature="ResetMerchantThresholdTest()[pri:0, instance:apiTests.PostResetMerchantThreshold@506e6d5e]" name="ResetMerchantThresholdTest" duration-ms="10057" started-at="2016-07-19T18:48:33Z" finished-at="2016-07-19T18:48:43Z">
          <exception class="java.net.ConnectException">
            <message>
              <![CDATA[Failed to connect to test-grofers-hp.appspot.com/2404:6800:4007:800:0:0:0:2011:80]]>
            </message>
            <full-stacktrace>
              <![CDATA[java.net.ConnectException: Failed to connect to test-grofers-hp.appspot.com/2404:6800:4007:800:0:0:0:2011:80
	at okhttp3.internal.io.RealConnection.connectSocket(RealConnection.java:142)
	at okhttp3.internal.io.RealConnection.connect(RealConnection.java:111)
	at okhttp3.internal.http.StreamAllocation.findConnection(StreamAllocation.java:188)
	at okhttp3.internal.http.StreamAllocation.findHealthyConnection(StreamAllocation.java:127)
	at okhttp3.internal.http.StreamAllocation.newStream(StreamAllocation.java:97)
	at okhttp3.internal.http.HttpEngine.connect(HttpEngine.java:289)
	at okhttp3.internal.http.HttpEngine.sendRequest(HttpEngine.java:241)
	at okhttp3.RealCall.getResponse(RealCall.java:240)
	at okhttp3.RealCall$ApplicationInterceptorChain.proceed(RealCall.java:198)
	at retrofit.ServiceGenerator$1.intercept(ServiceGenerator.java:26)
	at okhttp3.RealCall$ApplicationInterceptorChain.proceed(RealCall.java:187)
	at okhttp3.RealCall.getResponseWithInterceptorChain(RealCall.java:160)
	at okhttp3.RealCall.execute(RealCall.java:57)
	at retrofit2.OkHttpCall.execute(OkHttpCall.java:174)
	at apiTests.PostResetMerchantThreshold.ResetMerchantThresholdTest(PostResetMerchantThreshold.java:28)
	at sun.reflect.NativeMethodAccessorImpl.invoke0(Native Method)
	at sun.reflect.NativeMethodAccessorImpl.invoke(NativeMethodAccessorImpl.java:62)
	at sun.reflect.DelegatingMethodAccessorImpl.invoke(DelegatingMethodAccessorImpl.java:43)
	at java.lang.reflect.Method.invoke(Method.java:497)
	at org.testng.internal.MethodInvocationHelper.invokeMethod(MethodInvocationHelper.java:84)
	at org.testng.internal.Invoker.invokeMethod(Invoker.java:714)
	at org.testng.internal.Invoker.invokeTestMethod(Invoker.java:901)
	at org.testng.internal.Invoker.invokeTestMethods(Invoker.java:1231)
	at org.testng.internal.TestMethodWorker.invokeTestMethods(TestMethodWorker.java:127)
	at org.testng.internal.TestMethodWorker.run(TestMethodWorker.java:111)
	at org.testng.TestRunner.privateRun(TestRunner.java:767)
	at org.testng.TestRunner.run(TestRunner.java:617)
	at org.testng.SuiteRunner.runTest(SuiteRunner.java:334)
	at org.testng.SuiteRunner.runSequentially(SuiteRunner.java:329)
	at org.testng.SuiteRunner.privateRun(SuiteRunner.java:291)
	at org.testng.SuiteRunner.run(SuiteRunner.java:240)
	at org.testng.SuiteRunnerWorker.runSuite(SuiteRunnerWorker.java:52)
	at org.testng.SuiteRunnerWorker.run(SuiteRunnerWorker.java:86)
	at org.testng.TestNG.runSuitesSequentially(TestNG.java:1224)
	at org.testng.TestNG.runSuitesLocally(TestNG.java:1149)
	at org.testng.TestNG.run(TestNG.java:1057)
	at org.apache.maven.surefire.testng.TestNGExecutor.run(TestNGExecutor.java:217)
	at org.apache.maven.surefire.testng.TestNGXmlTestSuite.execute(TestNGXmlTestSuite.java:84)
	at org.apache.maven.surefire.testng.TestNGProvider.invoke(TestNGProvider.java:92)
	at org.apache.maven.surefire.booter.ForkedBooter.invokeProviderInSameClassLoader(ForkedBooter.java:200)
	at org.apache.maven.surefire.booter.ForkedBooter.runSuitesInProcess(ForkedBooter.java:153)
	at org.apache.maven.surefire.booter.ForkedBooter.main(ForkedBooter.java:103)
]]>
            </full-stacktrace>
          </exception> <!-- java.net.ConnectException -->
          <reporter-output>
          </reporter-output>
        </test-method> <!-- ResetMerchantThresholdTest -->
        <test-method status="PASS" signature="terminateConnection(java.lang.reflect.Method)[pri:0, instance:apiTests.PostResetMerchantThreshold@506e6d5e]" name="terminateConnection" is-config="true" duration-ms="5" started-at="2016-07-19T18:48:43Z" finished-at="2016-07-19T18:48:43Z">
          <params>
            <param index="0">
              <value>
                <![CDATA[public void apiTests.PostResetMerchantThreshold.ResetMerchantThresholdTest() throws java.io.IOException]]>
              </value>
            </param>
          </params>
          <reporter-output>
            <line>
              <![CDATA[API Test Passed ResetMerchantThresholdTest]]>
            </line>
            <line>
              <![CDATA[------------------------------------------------------------------------------------]]>
            </line>
            <line>
              <![CDATA[Completed Execution of Test: ResetMerchantThresholdTest]]>
            </line>
            <line>
              <![CDATA[------------------------------------------------------------------------------------]]>
            </line>
          </reporter-output>
        </test-method> <!-- terminateConnection -->
      </class> <!-- apiTests.PostResetMerchantThreshold -->
      <class name="apiTests.GetShopperByMerchantId">
        <test-method status="PASS" signature="Createonnection(java.lang.reflect.Method)[pri:0, instance:apiTests.GetShopperByMerchantId@2f7a2457]" name="Createonnection" is-config="true" duration-ms="4" started-at="2016-07-19T18:48:44Z" finished-at="2016-07-19T18:48:44Z">
          <params>
            <param index="0">
              <value>
                <![CDATA[public void apiTests.GetShopperByMerchantId.GetShopperByMerchantIdTest() throws java.io.IOException]]>
              </value>
            </param>
          </params>
          <reporter-output>
            <line>
              <![CDATA[------------------------------------------------------------------------------------]]>
            </line>
            <line>
              <![CDATA[Starting Execution of Test: GetShopperByMerchantIdTest]]>
            </line>
            <line>
              <![CDATA[------------------------------------------------------------------------------------]]>
            </line>
            <line>
              <![CDATA[]]>
            </line>
          </reporter-output>
        </test-method> <!-- Createonnection -->
        <test-method status="PASS" signature="GetShopperByMerchantIdTest()[pri:0, instance:apiTests.GetShopperByMerchantId@2f7a2457]" name="GetShopperByMerchantIdTest" duration-ms="1829" started-at="2016-07-19T18:48:44Z" finished-at="2016-07-19T18:48:46Z">
          <reporter-output>
            <line>
              <![CDATA[Expected and Actual response are same.  ]]>
            </line>
            <line>
              <![CDATA[Test Status of ShopperByMerchantId Api :  PASS  ]]>
            </line>
          </reporter-output>
        </test-method> <!-- GetShopperByMerchantIdTest -->
        <test-method status="PASS" signature="terminateConnection(java.lang.reflect.Method)[pri:0, instance:apiTests.GetShopperByMerchantId@2f7a2457]" name="terminateConnection" is-config="true" duration-ms="1" started-at="2016-07-19T18:48:46Z" finished-at="2016-07-19T18:48:46Z">
          <params>
            <param index="0">
              <value>
                <![CDATA[public void apiTests.GetShopperByMerchantId.GetShopperByMerchantIdTest() throws java.io.IOException]]>
              </value>
            </param>
          </params>
          <reporter-output>
            <line>
              <![CDATA[API Test Passed GetShopperByMerchantIdTest]]>
            </line>
            <line>
              <![CDATA[------------------------------------------------------------------------------------]]>
            </line>
            <line>
              <![CDATA[Completed Execution of Test: GetShopperByMerchantIdTest]]>
            </line>
            <line>
              <![CDATA[------------------------------------------------------------------------------------]]>
            </line>
          </reporter-output>
        </test-method> <!-- terminateConnection -->
      </class> <!-- apiTests.GetShopperByMerchantId -->
      <class name="apiTests.PostAddMerchantShopperMappingTest">
        <test-method status="PASS" signature="Createonnection(java.lang.reflect.Method)[pri:0, instance:apiTests.PostAddMerchantShopperMappingTest@6442b0a6]" name="Createonnection" is-config="true" duration-ms="2" started-at="2016-07-19T18:48:23Z" finished-at="2016-07-19T18:48:23Z">
          <params>
            <param index="0">
              <value>
                <![CDATA[public void apiTests.PostAddMerchantShopperMappingTest.AddMerchantShopperMapping() throws java.io.IOException]]>
              </value>
            </param>
          </params>
          <reporter-output>
            <line>
              <![CDATA[------------------------------------------------------------------------------------]]>
            </line>
            <line>
              <![CDATA[Starting Execution of Test: AddMerchantShopperMapping]]>
            </line>
            <line>
              <![CDATA[------------------------------------------------------------------------------------]]>
            </line>
            <line>
              <![CDATA[]]>
            </line>
          </reporter-output>
        </test-method> <!-- Createonnection -->
        <test-method status="FAIL" signature="AddMerchantShopperMapping()[pri:0, instance:apiTests.PostAddMerchantShopperMappingTest@6442b0a6]" name="AddMerchantShopperMapping" duration-ms="521" started-at="2016-07-19T18:48:23Z" finished-at="2016-07-19T18:48:23Z">
          <exception class="junit.framework.AssertionFailedError">
            <message>
              <![CDATA[
Expected: null
  Actual: PostShopperMerchantResponse<message="mapping for this merchant and shopper already exists!", success=false>

--- Found following differences ---
 expected: null
   actual: PostShopperMerchantResponse<message="mapping for this merchant and shopper already exists!", success=false>

]]>
            </message>
            <full-stacktrace>
              <![CDATA[junit.framework.AssertionFailedError: 
Expected: null
  Actual: PostShopperMerchantResponse<message="mapping for this merchant and shopper already exists!", success=false>

--- Found following differences ---
 expected: null
   actual: PostShopperMerchantResponse<message="mapping for this merchant and shopper already exists!", success=false>


	at junit.framework.Assert.fail(Assert.java:50)
	at org.unitils.reflectionassert.ReflectionAssert.assertReflectionEquals(ReflectionAssert.java:136)
	at org.unitils.reflectionassert.ReflectionAssert.assertReflectionEquals(ReflectionAssert.java:99)
	at apiTests.PostAddMerchantShopperMappingTest.AddMerchantShopperMapping(PostAddMerchantShopperMappingTest.java:53)
	at sun.reflect.NativeMethodAccessorImpl.invoke0(Native Method)
	at sun.reflect.NativeMethodAccessorImpl.invoke(NativeMethodAccessorImpl.java:62)
	at sun.reflect.DelegatingMethodAccessorImpl.invoke(DelegatingMethodAccessorImpl.java:43)
	at java.lang.reflect.Method.invoke(Method.java:497)
	at org.testng.internal.MethodInvocationHelper.invokeMethod(MethodInvocationHelper.java:84)
	at org.testng.internal.Invoker.invokeMethod(Invoker.java:714)
	at org.testng.internal.Invoker.invokeTestMethod(Invoker.java:901)
	at org.testng.internal.Invoker.invokeTestMethods(Invoker.java:1231)
	at org.testng.internal.TestMethodWorker.invokeTestMethods(TestMethodWorker.java:127)
	at org.testng.internal.TestMethodWorker.run(TestMethodWorker.java:111)
	at org.testng.TestRunner.privateRun(TestRunner.java:767)
	at org.testng.TestRunner.run(TestRunner.java:617)
	at org.testng.SuiteRunner.runTest(SuiteRunner.java:334)
	at org.testng.SuiteRunner.runSequentially(SuiteRunner.java:329)
	at org.testng.SuiteRunner.privateRun(SuiteRunner.java:291)
	at org.testng.SuiteRunner.run(SuiteRunner.java:240)
	at org.testng.SuiteRunnerWorker.runSuite(SuiteRunnerWorker.java:52)
	at org.testng.SuiteRunnerWorker.run(SuiteRunnerWorker.java:86)
	at org.testng.TestNG.runSuitesSequentially(TestNG.java:1224)
	at org.testng.TestNG.runSuitesLocally(TestNG.java:1149)
	at org.testng.TestNG.run(TestNG.java:1057)
	at org.apache.maven.surefire.testng.TestNGExecutor.run(TestNGExecutor.java:217)
	at org.apache.maven.surefire.testng.TestNGXmlTestSuite.execute(TestNGXmlTestSuite.java:84)
	at org.apache.maven.surefire.testng.TestNGProvider.invoke(TestNGProvider.java:92)
	at org.apache.maven.surefire.booter.ForkedBooter.invokeProviderInSameClassLoader(ForkedBooter.java:200)
	at org.apache.maven.surefire.booter.ForkedBooter.runSuitesInProcess(ForkedBooter.java:153)
	at org.apache.maven.surefire.booter.ForkedBooter.main(ForkedBooter.java:103)
]]>
            </full-stacktrace>
          </exception> <!-- junit.framework.AssertionFailedError -->
          <reporter-output>
            <line>
              <![CDATA[Base URL is http://test-grofers-hp.appspot.com]]>
            </line>
            <line>
              <![CDATA[Test Status of CrmAssignment Api :  FAIL  ]]>
            </line>
          </reporter-output>
        </test-method> <!-- AddMerchantShopperMapping -->
        <test-method status="PASS" signature="terminateConnection(java.lang.reflect.Method)[pri:0, instance:apiTests.PostAddMerchantShopperMappingTest@6442b0a6]" name="terminateConnection" is-config="true" duration-ms="0" started-at="2016-07-19T18:48:23Z" finished-at="2016-07-19T18:48:23Z">
          <params>
            <param index="0">
              <value>
                <![CDATA[public void apiTests.PostAddMerchantShopperMappingTest.AddMerchantShopperMapping() throws java.io.IOException]]>
              </value>
            </param>
          </params>
          <reporter-output>
            <line>
              <![CDATA[API Test Passed AddMerchantShopperMapping]]>
            </line>
            <line>
              <![CDATA[------------------------------------------------------------------------------------]]>
            </line>
            <line>
              <![CDATA[Completed Execution of Test: AddMerchantShopperMapping]]>
            </line>
            <line>
              <![CDATA[------------------------------------------------------------------------------------]]>
            </line>
          </reporter-output>
        </test-method> <!-- terminateConnection -->
      </class> <!-- apiTests.PostAddMerchantShopperMappingTest -->
      <class name="apiTests.PostMerchantBackupMapping">
        <test-method status="PASS" signature="Createonnection(java.lang.reflect.Method)[pri:0, instance:apiTests.PostMerchantBackupMapping@edf4efb]" name="Createonnection" is-config="true" duration-ms="4" started-at="2016-07-19T18:48:47Z" finished-at="2016-07-19T18:48:47Z">
          <params>
            <param index="0">
              <value>
                <![CDATA[public void apiTests.PostMerchantBackupMapping.CancelOrderTest() throws java.io.IOException]]>
              </value>
            </param>
          </params>
          <reporter-output>
            <line>
              <![CDATA[------------------------------------------------------------------------------------]]>
            </line>
            <line>
              <![CDATA[Starting Execution of Test: CancelOrderTest]]>
            </line>
            <line>
              <![CDATA[------------------------------------------------------------------------------------]]>
            </line>
            <line>
              <![CDATA[]]>
            </line>
          </reporter-output>
        </test-method> <!-- Createonnection -->
        <test-method status="FAIL" signature="CancelOrderTest()[pri:0, instance:apiTests.PostMerchantBackupMapping@edf4efb]" name="CancelOrderTest" duration-ms="25" started-at="2016-07-19T18:48:47Z" finished-at="2016-07-19T18:48:47Z">
          <exception class="com.google.gson.JsonSyntaxException">
            <message>
              <![CDATA[java.lang.NumberFormatException: Expected an int but was 4934026896867328 at line 34 column 29 path $.response.data[0].id]]>
            </message>
            <full-stacktrace>
              <![CDATA[com.google.gson.JsonSyntaxException: java.lang.NumberFormatException: Expected an int but was 4934026896867328 at line 34 column 29 path $.response.data[0].id
	at com.google.gson.internal.bind.TypeAdapters$7.read(TypeAdapters.java:249)
	at com.google.gson.internal.bind.TypeAdapters$7.read(TypeAdapters.java:239)
	at com.google.gson.internal.bind.ReflectiveTypeAdapterFactory$1.read(ReflectiveTypeAdapterFactory.java:116)
	at com.google.gson.internal.bind.ReflectiveTypeAdapterFactory$Adapter.read(ReflectiveTypeAdapterFactory.java:216)
	at com.google.gson.internal.bind.TypeAdapterRuntimeTypeWrapper.read(TypeAdapterRuntimeTypeWrapper.java:40)
	at com.google.gson.internal.bind.CollectionTypeAdapterFactory$Adapter.read(CollectionTypeAdapterFactory.java:82)
	at com.google.gson.internal.bind.CollectionTypeAdapterFactory$Adapter.read(CollectionTypeAdapterFactory.java:61)
	at com.google.gson.internal.bind.ReflectiveTypeAdapterFactory$1.read(ReflectiveTypeAdapterFactory.java:116)
	at com.google.gson.internal.bind.ReflectiveTypeAdapterFactory$Adapter.read(ReflectiveTypeAdapterFactory.java:216)
	at com.google.gson.internal.bind.ReflectiveTypeAdapterFactory$1.read(ReflectiveTypeAdapterFactory.java:116)
	at com.google.gson.internal.bind.ReflectiveTypeAdapterFactory$Adapter.read(ReflectiveTypeAdapterFactory.java:216)
	at com.google.gson.Gson.fromJson(Gson.java:879)
	at utility.FixtureUtils.getAsObject(FixtureUtils.java:36)
	at apiTests.PostMerchantBackupMapping.CancelOrderTest(PostMerchantBackupMapping.java:30)
	at sun.reflect.NativeMethodAccessorImpl.invoke0(Native Method)
	at sun.reflect.NativeMethodAccessorImpl.invoke(NativeMethodAccessorImpl.java:62)
	at sun.reflect.DelegatingMethodAccessorImpl.invoke(DelegatingMethodAccessorImpl.java:43)
	at java.lang.reflect.Method.invoke(Method.java:497)
	at org.testng.internal.MethodInvocationHelper.invokeMethod(MethodInvocationHelper.java:84)
	at org.testng.internal.Invoker.invokeMethod(Invoker.java:714)
	at org.testng.internal.Invoker.invokeTestMethod(Invoker.java:901)
	at org.testng.internal.Invoker.invokeTestMethods(Invoker.java:1231)
	at org.testng.internal.TestMethodWorker.invokeTestMethods(TestMethodWorker.java:127)
	at org.testng.internal.TestMethodWorker.run(TestMethodWorker.java:111)
	at org.testng.TestRunner.privateRun(TestRunner.java:767)
	at org.testng.TestRunner.run(TestRunner.java:617)
	at org.testng.SuiteRunner.runTest(SuiteRunner.java:334)
	at org.testng.SuiteRunner.runSequentially(SuiteRunner.java:329)
	at org.testng.SuiteRunner.privateRun(SuiteRunner.java:291)
	at org.testng.SuiteRunner.run(SuiteRunner.java:240)
	at org.testng.SuiteRunnerWorker.runSuite(SuiteRunnerWorker.java:52)
	at org.testng.SuiteRunnerWorker.run(SuiteRunnerWorker.java:86)
	at org.testng.TestNG.runSuitesSequentially(TestNG.java:1224)
	at org.testng.TestNG.runSuitesLocally(TestNG.java:1149)
	at org.testng.TestNG.run(TestNG.java:1057)
	at org.apache.maven.surefire.testng.TestNGExecutor.run(TestNGExecutor.java:217)
	at org.apache.maven.surefire.testng.TestNGXmlTestSuite.execute(TestNGXmlTestSuite.java:84)
	at org.apache.maven.surefire.testng.TestNGProvider.invoke(TestNGProvider.java:92)
	at org.apache.maven.surefire.booter.ForkedBooter.invokeProviderInSameClassLoader(ForkedBooter.java:200)
	at org.apache.maven.surefire.booter.ForkedBooter.runSuitesInProcess(ForkedBooter.java:153)
	at org.apache.maven.surefire.booter.ForkedBooter.main(ForkedBooter.java:103)
Caused by: java.lang.NumberFormatException: Expected an int but was 4934026896867328 at line 34 column 29 path $.response.data[0].id
	at com.google.gson.stream.JsonReader.nextInt(JsonReader.java:1172)
	at com.google.gson.internal.bind.TypeAdapters$7.read(TypeAdapters.java:247)
	... 40 more
]]>
            </full-stacktrace>
          </exception> <!-- com.google.gson.JsonSyntaxException -->
          <reporter-output>
          </reporter-output>
        </test-method> <!-- CancelOrderTest -->
        <test-method status="PASS" signature="terminateConnection(java.lang.reflect.Method)[pri:0, instance:apiTests.PostMerchantBackupMapping@edf4efb]" name="terminateConnection" is-config="true" duration-ms="1" started-at="2016-07-19T18:48:47Z" finished-at="2016-07-19T18:48:47Z">
          <params>
            <param index="0">
              <value>
                <![CDATA[public void apiTests.PostMerchantBackupMapping.CancelOrderTest() throws java.io.IOException]]>
              </value>
            </param>
          </params>
          <reporter-output>
            <line>
              <![CDATA[API Test Passed CancelOrderTest]]>
            </line>
            <line>
              <![CDATA[------------------------------------------------------------------------------------]]>
            </line>
            <line>
              <![CDATA[Completed Execution of Test: CancelOrderTest]]>
            </line>
            <line>
              <![CDATA[------------------------------------------------------------------------------------]]>
            </line>
          </reporter-output>
        </test-method> <!-- terminateConnection -->
      </class> <!-- apiTests.PostMerchantBackupMapping -->
      <class name="apiTests.GetQueuedOrders">
        <test-method status="FAIL" signature="GetQueuedOrdersTest()[pri:0, instance:apiTests.GetQueuedOrders@17f6480]" name="GetQueuedOrdersTest" duration-ms="1085" started-at="2016-07-19T18:48:12Z" finished-at="2016-07-19T18:48:13Z">
          <exception class="junit.framework.AssertionFailedError">
            <message>
              <![CDATA[
Expected: null
  Actual: GetQueuedOrdersResponse<message="orders Task Added to Queue ", success=true>

--- Found following differences ---
expected: null, actual: GetQueuedOrdersResponse<message="orders Task Added to Queue ", success=true>
]]>
            </message>
            <full-stacktrace>
              <![CDATA[junit.framework.AssertionFailedError: 
Expected: null
  Actual: GetQueuedOrdersResponse<message="orders Task Added to Queue ", success=true>

--- Found following differences ---
expected: null, actual: GetQueuedOrdersResponse<message="orders Task Added to Queue ", success=true>

	at junit.framework.Assert.fail(Assert.java:50)
	at org.unitils.reflectionassert.ReflectionAssert.assertReflectionEquals(ReflectionAssert.java:136)
	at org.unitils.reflectionassert.ReflectionAssert.assertReflectionEquals(ReflectionAssert.java:99)
	at apiTests.GetQueuedOrders.GetQueuedOrdersTest(GetQueuedOrders.java:50)
	at sun.reflect.NativeMethodAccessorImpl.invoke0(Native Method)
	at sun.reflect.NativeMethodAccessorImpl.invoke(NativeMethodAccessorImpl.java:62)
	at sun.reflect.DelegatingMethodAccessorImpl.invoke(DelegatingMethodAccessorImpl.java:43)
	at java.lang.reflect.Method.invoke(Method.java:497)
	at org.testng.internal.MethodInvocationHelper.invokeMethod(MethodInvocationHelper.java:84)
	at org.testng.internal.Invoker.invokeMethod(Invoker.java:714)
	at org.testng.internal.Invoker.invokeTestMethod(Invoker.java:901)
	at org.testng.internal.Invoker.invokeTestMethods(Invoker.java:1231)
	at org.testng.internal.TestMethodWorker.invokeTestMethods(TestMethodWorker.java:127)
	at org.testng.internal.TestMethodWorker.run(TestMethodWorker.java:111)
	at org.testng.TestRunner.privateRun(TestRunner.java:767)
	at org.testng.TestRunner.run(TestRunner.java:617)
	at org.testng.SuiteRunner.runTest(SuiteRunner.java:334)
	at org.testng.SuiteRunner.runSequentially(SuiteRunner.java:329)
	at org.testng.SuiteRunner.privateRun(SuiteRunner.java:291)
	at org.testng.SuiteRunner.run(SuiteRunner.java:240)
	at org.testng.SuiteRunnerWorker.runSuite(SuiteRunnerWorker.java:52)
	at org.testng.SuiteRunnerWorker.run(SuiteRunnerWorker.java:86)
	at org.testng.TestNG.runSuitesSequentially(TestNG.java:1224)
	at org.testng.TestNG.runSuitesLocally(TestNG.java:1149)
	at org.testng.TestNG.run(TestNG.java:1057)
	at org.apache.maven.surefire.testng.TestNGExecutor.run(TestNGExecutor.java:217)
	at org.apache.maven.surefire.testng.TestNGXmlTestSuite.execute(TestNGXmlTestSuite.java:84)
	at org.apache.maven.surefire.testng.TestNGProvider.invoke(TestNGProvider.java:92)
	at org.apache.maven.surefire.booter.ForkedBooter.invokeProviderInSameClassLoader(ForkedBooter.java:200)
	at org.apache.maven.surefire.booter.ForkedBooter.runSuitesInProcess(ForkedBooter.java:153)
	at org.apache.maven.surefire.booter.ForkedBooter.main(ForkedBooter.java:103)
]]>
            </full-stacktrace>
          </exception> <!-- junit.framework.AssertionFailedError -->
          <reporter-output>
            <line>
              <![CDATA[Verify the response of GetQueuedOrders Api.]]>
            </line>
            <line>
              <![CDATA[Base URL is http://test-grofers-hp.appspot.com]]>
            </line>
            <line>
              <![CDATA[http response code is not 200. ]]>
            </line>
            <line>
              <![CDATA[Test Status of GetQueuedOrders Api :  FAIL  ]]>
            </line>
          </reporter-output>
        </test-method> <!-- GetQueuedOrdersTest -->
      </class> <!-- apiTests.GetQueuedOrders -->
      <class name="apiTests.PostFeAssignment">
        <test-method status="PASS" signature="Createonnection(java.lang.reflect.Method)[pri:0, instance:apiTests.PostFeAssignment@60f82f98]" name="Createonnection" is-config="true" duration-ms="4" started-at="2016-07-19T18:48:16Z" finished-at="2016-07-19T18:48:16Z">
          <params>
            <param index="0">
              <value>
                <![CDATA[public void apiTests.PostFeAssignment.FeAssignmentTest() throws java.io.IOException]]>
              </value>
            </param>
          </params>
          <reporter-output>
            <line>
              <![CDATA[------------------------------------------------------------------------------------]]>
            </line>
            <line>
              <![CDATA[Starting Execution of Test: FeAssignmentTest]]>
            </line>
            <line>
              <![CDATA[------------------------------------------------------------------------------------]]>
            </line>
            <line>
              <![CDATA[]]>
            </line>
          </reporter-output>
        </test-method> <!-- Createonnection -->
        <test-method status="PASS" signature="FeAssignmentTest()[pri:0, instance:apiTests.PostFeAssignment@60f82f98]" name="FeAssignmentTest" duration-ms="4840" started-at="2016-07-19T18:48:16Z" finished-at="2016-07-19T18:48:21Z">
          <reporter-output>
            <line>
              <![CDATA[Test Status of FeAssignment Api :  PASS  ]]>
            </line>
            <line>
              <![CDATA[Test Status of FeAssignment Api :  PASS  ]]>
            </line>
            <line>
              <![CDATA[Test Status of FeAssignment Api :  PASS  ]]>
            </line>
          </reporter-output>
        </test-method> <!-- FeAssignmentTest -->
        <test-method status="PASS" signature="terminateConnection(java.lang.reflect.Method)[pri:0, instance:apiTests.PostFeAssignment@60f82f98]" name="terminateConnection" is-config="true" duration-ms="1" started-at="2016-07-19T18:48:21Z" finished-at="2016-07-19T18:48:21Z">
          <params>
            <param index="0">
              <value>
                <![CDATA[public void apiTests.PostFeAssignment.FeAssignmentTest() throws java.io.IOException]]>
              </value>
            </param>
          </params>
          <reporter-output>
            <line>
              <![CDATA[API Test Passed FeAssignmentTest]]>
            </line>
            <line>
              <![CDATA[------------------------------------------------------------------------------------]]>
            </line>
            <line>
              <![CDATA[Completed Execution of Test: FeAssignmentTest]]>
            </line>
            <line>
              <![CDATA[------------------------------------------------------------------------------------]]>
            </line>
          </reporter-output>
        </test-method> <!-- terminateConnection -->
      </class> <!-- apiTests.PostFeAssignment -->
      <class name="apiTests.PostInsertChildOrder">
        <test-method status="PASS" signature="Createonnection(java.lang.reflect.Method)[pri:0, instance:apiTests.PostInsertChildOrder@3796751b]" name="Createonnection" is-config="true" duration-ms="4" started-at="2016-07-19T18:48:28Z" finished-at="2016-07-19T18:48:28Z">
          <params>
            <param index="0">
              <value>
                <![CDATA[public void apiTests.PostInsertChildOrder.InsertChildOrderTest() throws java.io.IOException]]>
              </value>
            </param>
          </params>
          <reporter-output>
            <line>
              <![CDATA[------------------------------------------------------------------------------------]]>
            </line>
            <line>
              <![CDATA[Starting Execution of Test: InsertChildOrderTest]]>
            </line>
            <line>
              <![CDATA[------------------------------------------------------------------------------------]]>
            </line>
            <line>
              <![CDATA[]]>
            </line>
          </reporter-output>
        </test-method> <!-- Createonnection -->
        <test-method status="PASS" signature="InsertChildOrderTest()[pri:0, instance:apiTests.PostInsertChildOrder@3796751b]" name="InsertChildOrderTest" duration-ms="1298" started-at="2016-07-19T18:48:28Z" finished-at="2016-07-19T18:48:29Z">
          <reporter-output>
            <line>
              <![CDATA[Test Status of insertOrder Api :  PASS  ]]>
            </line>
          </reporter-output>
        </test-method> <!-- InsertChildOrderTest -->
        <test-method status="PASS" signature="terminateConnection(java.lang.reflect.Method)[pri:0, instance:apiTests.PostInsertChildOrder@3796751b]" name="terminateConnection" is-config="true" duration-ms="1" started-at="2016-07-19T18:48:29Z" finished-at="2016-07-19T18:48:29Z">
          <params>
            <param index="0">
              <value>
                <![CDATA[public void apiTests.PostInsertChildOrder.InsertChildOrderTest() throws java.io.IOException]]>
              </value>
            </param>
          </params>
          <reporter-output>
            <line>
              <![CDATA[API Test Passed InsertChildOrderTest]]>
            </line>
            <line>
              <![CDATA[------------------------------------------------------------------------------------]]>
            </line>
            <line>
              <![CDATA[Completed Execution of Test: InsertChildOrderTest]]>
            </line>
            <line>
              <![CDATA[------------------------------------------------------------------------------------]]>
            </line>
          </reporter-output>
        </test-method> <!-- terminateConnection -->
      </class> <!-- apiTests.PostInsertChildOrder -->
      <class name="apiTests.GetShoppersById">
        <test-method status="PASS" signature="Createonnection(java.lang.reflect.Method)[pri:0, instance:apiTests.GetShoppersById@566776ad]" name="Createonnection" is-config="true" duration-ms="4" started-at="2016-07-19T18:48:21Z" finished-at="2016-07-19T18:48:21Z">
          <params>
            <param index="0">
              <value>
                <![CDATA[public void apiTests.GetShoppersById.GetForceUpdateConfig() throws java.io.IOException]]>
              </value>
            </param>
          </params>
          <reporter-output>
            <line>
              <![CDATA[------------------------------------------------------------------------------------]]>
            </line>
            <line>
              <![CDATA[Starting Execution of Test: GetForceUpdateConfig]]>
            </line>
            <line>
              <![CDATA[------------------------------------------------------------------------------------]]>
            </line>
            <line>
              <![CDATA[]]>
            </line>
          </reporter-output>
        </test-method> <!-- Createonnection -->
        <test-method status="PASS" signature="GetForceUpdateConfig()[pri:0, instance:apiTests.GetShoppersById@566776ad]" name="GetForceUpdateConfig" duration-ms="304" started-at="2016-07-19T18:48:21Z" finished-at="2016-07-19T18:48:21Z">
          <reporter-output>
          </reporter-output>
        </test-method> <!-- GetForceUpdateConfig -->
        <test-method status="PASS" signature="terminateConnection(java.lang.reflect.Method)[pri:0, instance:apiTests.GetShoppersById@566776ad]" name="terminateConnection" is-config="true" duration-ms="0" started-at="2016-07-19T18:48:21Z" finished-at="2016-07-19T18:48:21Z">
          <params>
            <param index="0">
              <value>
                <![CDATA[public void apiTests.GetShoppersById.GetForceUpdateConfig() throws java.io.IOException]]>
              </value>
            </param>
          </params>
          <reporter-output>
            <line>
              <![CDATA[API Test Passed GetForceUpdateConfig]]>
            </line>
            <line>
              <![CDATA[------------------------------------------------------------------------------------]]>
            </line>
            <line>
              <![CDATA[Completed Execution of Test: GetForceUpdateConfig]]>
            </line>
            <line>
              <![CDATA[------------------------------------------------------------------------------------]]>
            </line>
          </reporter-output>
        </test-method> <!-- terminateConnection -->
      </class> <!-- apiTests.GetShoppersById -->
      <class name="apiTests.PostCrmAssignment">
        <test-method status="PASS" signature="Createonnection(java.lang.reflect.Method)[pri:0, instance:apiTests.PostCrmAssignment@35f983a6]" name="Createonnection" is-config="true" duration-ms="6" started-at="2016-07-19T18:48:13Z" finished-at="2016-07-19T18:48:13Z">
          <params>
            <param index="0">
              <value>
                <![CDATA[public void apiTests.PostCrmAssignment.CrmAssignmentTest() throws java.io.IOException]]>
              </value>
            </param>
          </params>
          <reporter-output>
            <line>
              <![CDATA[------------------------------------------------------------------------------------]]>
            </line>
            <line>
              <![CDATA[Starting Execution of Test: CrmAssignmentTest]]>
            </line>
            <line>
              <![CDATA[------------------------------------------------------------------------------------]]>
            </line>
            <line>
              <![CDATA[]]>
            </line>
          </reporter-output>
        </test-method> <!-- Createonnection -->
        <test-method status="PASS" signature="CrmAssignmentTest()[pri:0, instance:apiTests.PostCrmAssignment@35f983a6]" name="CrmAssignmentTest" duration-ms="2617" started-at="2016-07-19T18:48:13Z" finished-at="2016-07-19T18:48:16Z">
          <reporter-output>
            <line>
              <![CDATA[Test Status of CrmAssignment Api :  PASS  ]]>
            </line>
            <line>
              <![CDATA[Test Status of CrmAssignment Api :  PASS  ]]>
            </line>
            <line>
              <![CDATA[Test Status of CrmAssignment Api :  PASS  ]]>
            </line>
          </reporter-output>
        </test-method> <!-- CrmAssignmentTest -->
        <test-method status="PASS" signature="terminateConnection(java.lang.reflect.Method)[pri:0, instance:apiTests.PostCrmAssignment@35f983a6]" name="terminateConnection" is-config="true" duration-ms="1" started-at="2016-07-19T18:48:16Z" finished-at="2016-07-19T18:48:16Z">
          <params>
            <param index="0">
              <value>
                <![CDATA[public void apiTests.PostCrmAssignment.CrmAssignmentTest() throws java.io.IOException]]>
              </value>
            </param>
          </params>
          <reporter-output>
            <line>
              <![CDATA[API Test Passed CrmAssignmentTest]]>
            </line>
            <line>
              <![CDATA[------------------------------------------------------------------------------------]]>
            </line>
            <line>
              <![CDATA[Completed Execution of Test: CrmAssignmentTest]]>
            </line>
            <line>
              <![CDATA[------------------------------------------------------------------------------------]]>
            </line>
          </reporter-output>
        </test-method> <!-- terminateConnection -->
      </class> <!-- apiTests.PostCrmAssignment -->
    </test> <!-- Test -->
  </suite> <!-- Suite -->
</testng-results>
